<?xml version="1.0" encoding="UTF-8" ?>
<testsuite tests="34" failures="0" name="runner.SubprojetoRun" time="351.8" errors="34" skipped="0">
  <properties>
[...]
</properties>
  <testcase classname="Criação de subprojetos" name="Criar um subprojeto com sucesso #1" time="12.666">
    <error message="The step &quot;clicar no botão de salvar subprojeto&quot; is undefined. You can implement it using the snippet(s) below:

@Quando(&quot;clicar no botão de salvar subprojeto&quot;)
public void clicarNoBotãoDeSalvarSubprojeto() {
    // Write code here that turns the phrase above into concrete actions
    throw new io.cucumber.java.PendingException();
}
" type="io.cucumber.junit.UndefinedStepException">io.cucumber.junit.UndefinedStepException: The step &quot;clicar no botão de salvar subprojeto&quot; is undefined. You can implement it using the snippet(s) below:

@Quando(&quot;clicar no botão de salvar subprojeto&quot;)
public void clicarNoBotãoDeSalvarSubprojeto() {
    // Write code here that turns the phrase above into concrete actions
    throw new io.cucumber.java.PendingException();
}

</error>
    <system-out>
Esquema do CenÃ¡rio: Criar um subprojeto com sucesso                    &amp;#27;[90m# features/subprojeto.feature:26&amp;#27;[0m
  &amp;#27;[32mDado &amp;#27;[0m&amp;#27;[32mque o usuario esteja na pagina de login do Mantis&amp;#27;[0m               &amp;#27;[90m# steps.login.LoginStep.queOUsuarioEstejaNaPaginaDeLoginDoMantis()&amp;#27;[0m
  &amp;#27;[32mE &amp;#27;[0m&amp;#27;[32mque o usuario tenha feito o login com sucesso&amp;#27;[0m                      &amp;#27;[90m# steps.subprojeto.SubProjetoStep.queOUsuarioTenhaFeitoOLoginComSucesso()&amp;#27;[0m
  &amp;#27;[32mQuando &amp;#27;[0m&amp;#27;[32mclicar no projeto desejado &amp;#27;[0m&amp;#27;[32m&amp;#27;[1m&quot;Teste projeto SQL 02&quot;&amp;#27;[0m             &amp;#27;[90m# steps.subprojeto.SubProjetoStep.clicarNoProjetoDesejado(java.lang.String)&amp;#27;[0m
  &amp;#27;[32mE &amp;#27;[0m&amp;#27;[32mclicar no botao de cadastrar subProjeto&amp;#27;[0m                            &amp;#27;[90m# steps.subprojeto.SubProjetoStep.clicarNoBotaoDeCadastrarSubProjeto()&amp;#27;[0m
  &amp;#27;[32mE &amp;#27;[0m&amp;#27;[32mpreencher o nome do subprojeto &amp;#27;[0m&amp;#27;[32m&amp;#27;[1m&quot;Subprojeto 02&quot;&amp;#27;[0m                     &amp;#27;[90m# steps.subprojeto.SubProjetoStep.preencherONomeDoSubprojeto(java.lang.String)&amp;#27;[0m
  &amp;#27;[32mE &amp;#27;[0m&amp;#27;[32mdefinir o estado do subprojeto &amp;#27;[0m&amp;#27;[32m&amp;#27;[1mdesenvolvimento&amp;#27;[0m                     &amp;#27;[90m# steps.subprojeto.SubProjetoStep.definirOEstadoDoSubprojetoEstado(java.lang.String)&amp;#27;[0m
  &amp;#27;[32mE &amp;#27;[0m&amp;#27;[32mmarcar a opcao herdar categorias globais&amp;#27;[0m                           &amp;#27;[90m# steps.subprojeto.SubProjetoStep.marcarAOpcaoHerdarCategoriasGlobais()&amp;#27;[0m
  &amp;#27;[32mE &amp;#27;[0m&amp;#27;[32mmarcar a opcao herdar categorias da tarefa pai&amp;#27;[0m                     &amp;#27;[90m# steps.subprojeto.SubProjetoStep.marcarAOpcaoHerdarCategoriasDaTarefaPai()&amp;#27;[0m
  &amp;#27;[32mE &amp;#27;[0m&amp;#27;[32mselecionar a visibilidade do projeto&amp;#27;[0m                               &amp;#27;[90m# steps.subprojeto.SubProjetoStep.selecionarAVisibilidadeDoProjeto()&amp;#27;[0m
  &amp;#27;[32mE &amp;#27;[0m&amp;#27;[32mpreencher a descricao do subprojeto &amp;#27;[0m&amp;#27;[32m&amp;#27;[1m&quot;SubProjeto criado como teste&quot;&amp;#27;[0m &amp;#27;[90m# steps.subprojeto.SubProjetoStep.preencherADescricaoDoSubprojeto(java.lang.String)&amp;#27;[0m
  &amp;#27;[33mE &amp;#27;[0m&amp;#27;[33mclicar no botÃ£o de salvar subprojeto&amp;#27;[0m                               &amp;#27;[90m# null&amp;#27;[0m
  &amp;#27;[36mEntÃ£o &amp;#27;[0m&amp;#27;[36mo sistema deve efetuar o cadastro do subprojeto com sucesso&amp;#27;[0m    &amp;#27;[90m# steps.subprojeto.SubProjetoStep.oSistemaDeveEfetuarOCadastroDoSubprojetoComSucesso()&amp;#27;[0m
</system-out>
    <system-err>SLF4J: Failed to load class &quot;org.slf4j.impl.StaticLoggerBinder&quot;.
SLF4J: Defaulting to no-operation (NOP) logger implementation
SLF4J: See http://www.slf4j.org/codes.html#StaticLoggerBinder for further details.
Starting ChromeDriver 100.0.4896.60 (6a5d10861ce8de5fce22564658033b43cb7de047-refs/branch-heads/4896@{#875}) on port 64831
Only local connections are allowed.
Please see https://chromedriver.chromium.org/security-considerations for suggestions on keeping ChromeDriver safe.
ChromeDriver was started successfully.
[1652650471.180][WARNING]: This version of ChromeDriver has not been tested with Chrome version 101.
mai 15, 2022 6:34:31 PM org.openqa.selenium.remote.ProtocolHandshake createSession
INFORMAÇÕES: Detected dialect: W3C
mai 15, 2022 6:34:31 PM org.openqa.selenium.devtools.CdpVersionFinder findNearestMatch
ADVERTÊNCIA: Unable to find an exact match for CDP version 101, so returning the closest version found: 99
mai 15, 2022 6:34:31 PM org.openqa.selenium.devtools.CdpVersionFinder findNearestMatch
INFORMAÇÕES: Found CDP implementation for version 101 of 99
</system-err>
  </testcase>
  <testcase classname="Criação de subprojetos" name="Criar um subprojeto com sucesso #2" time="10.149">
    <error message="The step &quot;clicar no botão de salvar subprojeto&quot; is undefined. You can implement it using the snippet(s) below:

@Quando(&quot;clicar no botão de salvar subprojeto&quot;)
public void clicarNoBotãoDeSalvarSubprojeto() {
    // Write code here that turns the phrase above into concrete actions
    throw new io.cucumber.java.PendingException();
}
" type="io.cucumber.junit.UndefinedStepException">io.cucumber.junit.UndefinedStepException: The step &quot;clicar no botão de salvar subprojeto&quot; is undefined. You can implement it using the snippet(s) below:

@Quando(&quot;clicar no botão de salvar subprojeto&quot;)
public void clicarNoBotãoDeSalvarSubprojeto() {
    // Write code here that turns the phrase above into concrete actions
    throw new io.cucumber.java.PendingException();
}

</error>
    <system-out>
Esquema do CenÃ¡rio: Criar um subprojeto com sucesso                    &amp;#27;[90m# features/subprojeto.feature:27&amp;#27;[0m
  &amp;#27;[32mDado &amp;#27;[0m&amp;#27;[32mque o usuario esteja na pagina de login do Mantis&amp;#27;[0m               &amp;#27;[90m# steps.login.LoginStep.queOUsuarioEstejaNaPaginaDeLoginDoMantis()&amp;#27;[0m
  &amp;#27;[32mE &amp;#27;[0m&amp;#27;[32mque o usuario tenha feito o login com sucesso&amp;#27;[0m                      &amp;#27;[90m# steps.subprojeto.SubProjetoStep.queOUsuarioTenhaFeitoOLoginComSucesso()&amp;#27;[0m
  &amp;#27;[32mQuando &amp;#27;[0m&amp;#27;[32mclicar no projeto desejado &amp;#27;[0m&amp;#27;[32m&amp;#27;[1m&quot;Teste projeto SQL 02&quot;&amp;#27;[0m             &amp;#27;[90m# steps.subprojeto.SubProjetoStep.clicarNoProjetoDesejado(java.lang.String)&amp;#27;[0m
  &amp;#27;[32mE &amp;#27;[0m&amp;#27;[32mclicar no botao de cadastrar subProjeto&amp;#27;[0m                            &amp;#27;[90m# steps.subprojeto.SubProjetoStep.clicarNoBotaoDeCadastrarSubProjeto()&amp;#27;[0m
  &amp;#27;[32mE &amp;#27;[0m&amp;#27;[32mpreencher o nome do subprojeto &amp;#27;[0m&amp;#27;[32m&amp;#27;[1m&quot;Subprojeto 02&quot;&amp;#27;[0m                     &amp;#27;[90m# steps.subprojeto.SubProjetoStep.preencherONomeDoSubprojeto(java.lang.String)&amp;#27;[0m
  &amp;#27;[32mE &amp;#27;[0m&amp;#27;[32mdefinir o estado do subprojeto &amp;#27;[0m&amp;#27;[32m&amp;#27;[1mrelease&amp;#27;[0m                             &amp;#27;[90m# steps.subprojeto.SubProjetoStep.definirOEstadoDoSubprojetoEstado(java.lang.String)&amp;#27;[0m
  &amp;#27;[32mE &amp;#27;[0m&amp;#27;[32mmarcar a opcao herdar categorias globais&amp;#27;[0m                           &amp;#27;[90m# steps.subprojeto.SubProjetoStep.marcarAOpcaoHerdarCategoriasGlobais()&amp;#27;[0m
  &amp;#27;[32mE &amp;#27;[0m&amp;#27;[32mmarcar a opcao herdar categorias da tarefa pai&amp;#27;[0m                     &amp;#27;[90m# steps.subprojeto.SubProjetoStep.marcarAOpcaoHerdarCategoriasDaTarefaPai()&amp;#27;[0m
  &amp;#27;[32mE &amp;#27;[0m&amp;#27;[32mselecionar a visibilidade do projeto&amp;#27;[0m                               &amp;#27;[90m# steps.subprojeto.SubProjetoStep.selecionarAVisibilidadeDoProjeto()&amp;#27;[0m
  &amp;#27;[32mE &amp;#27;[0m&amp;#27;[32mpreencher a descricao do subprojeto &amp;#27;[0m&amp;#27;[32m&amp;#27;[1m&quot;SubProjeto criado como teste&quot;&amp;#27;[0m &amp;#27;[90m# steps.subprojeto.SubProjetoStep.preencherADescricaoDoSubprojeto(java.lang.String)&amp;#27;[0m
  &amp;#27;[33mE &amp;#27;[0m&amp;#27;[33mclicar no botÃ£o de salvar subprojeto&amp;#27;[0m                               &amp;#27;[90m# null&amp;#27;[0m
  &amp;#27;[36mEntÃ£o &amp;#27;[0m&amp;#27;[36mo sistema deve efetuar o cadastro do subprojeto com sucesso&amp;#27;[0m    &amp;#27;[90m# steps.subprojeto.SubProjetoStep.oSistemaDeveEfetuarOCadastroDoSubprojetoComSucesso()&amp;#27;[0m
</system-out>
    <system-err>Starting ChromeDriver 100.0.4896.60 (6a5d10861ce8de5fce22564658033b43cb7de047-refs/branch-heads/4896@{#875}) on port 63149
Only local connections are allowed.
Please see https://chromedriver.chromium.org/security-considerations for suggestions on keeping ChromeDriver safe.
ChromeDriver was started successfully.
[1652650482.383][WARNING]: This version of ChromeDriver has not been tested with Chrome version 101.
mai 15, 2022 6:34:42 PM org.openqa.selenium.remote.ProtocolHandshake createSession
INFORMAÇÕES: Detected dialect: W3C
mai 15, 2022 6:34:42 PM org.openqa.selenium.devtools.CdpVersionFinder findNearestMatch
ADVERTÊNCIA: Unable to find an exact match for CDP version 101, so returning the closest version found: 99
mai 15, 2022 6:34:42 PM org.openqa.selenium.devtools.CdpVersionFinder findNearestMatch
INFORMAÇÕES: Found CDP implementation for version 101 of 99
</system-err>
  </testcase>
  <testcase classname="Criação de subprojetos" name="Criar um subprojeto com sucesso #3" time="10.229">
    <error message="The step &quot;clicar no botão de salvar subprojeto&quot; is undefined. You can implement it using the snippet(s) below:

@Quando(&quot;clicar no botão de salvar subprojeto&quot;)
public void clicarNoBotãoDeSalvarSubprojeto() {
    // Write code here that turns the phrase above into concrete actions
    throw new io.cucumber.java.PendingException();
}
" type="io.cucumber.junit.UndefinedStepException">io.cucumber.junit.UndefinedStepException: The step &quot;clicar no botão de salvar subprojeto&quot; is undefined. You can implement it using the snippet(s) below:

@Quando(&quot;clicar no botão de salvar subprojeto&quot;)
public void clicarNoBotãoDeSalvarSubprojeto() {
    // Write code here that turns the phrase above into concrete actions
    throw new io.cucumber.java.PendingException();
}

</error>
    <system-out>
Esquema do CenÃ¡rio: Criar um subprojeto com sucesso                    &amp;#27;[90m# features/subprojeto.feature:28&amp;#27;[0m
  &amp;#27;[32mDado &amp;#27;[0m&amp;#27;[32mque o usuario esteja na pagina de login do Mantis&amp;#27;[0m               &amp;#27;[90m# steps.login.LoginStep.queOUsuarioEstejaNaPaginaDeLoginDoMantis()&amp;#27;[0m
  &amp;#27;[32mE &amp;#27;[0m&amp;#27;[32mque o usuario tenha feito o login com sucesso&amp;#27;[0m                      &amp;#27;[90m# steps.subprojeto.SubProjetoStep.queOUsuarioTenhaFeitoOLoginComSucesso()&amp;#27;[0m
  &amp;#27;[32mQuando &amp;#27;[0m&amp;#27;[32mclicar no projeto desejado &amp;#27;[0m&amp;#27;[32m&amp;#27;[1m&quot;Teste projeto SQL 02&quot;&amp;#27;[0m             &amp;#27;[90m# steps.subprojeto.SubProjetoStep.clicarNoProjetoDesejado(java.lang.String)&amp;#27;[0m
  &amp;#27;[32mE &amp;#27;[0m&amp;#27;[32mclicar no botao de cadastrar subProjeto&amp;#27;[0m                            &amp;#27;[90m# steps.subprojeto.SubProjetoStep.clicarNoBotaoDeCadastrarSubProjeto()&amp;#27;[0m
  &amp;#27;[32mE &amp;#27;[0m&amp;#27;[32mpreencher o nome do subprojeto &amp;#27;[0m&amp;#27;[32m&amp;#27;[1m&quot;Subprojeto 02&quot;&amp;#27;[0m                     &amp;#27;[90m# steps.subprojeto.SubProjetoStep.preencherONomeDoSubprojeto(java.lang.String)&amp;#27;[0m
  &amp;#27;[32mE &amp;#27;[0m&amp;#27;[32mdefinir o estado do subprojeto &amp;#27;[0m&amp;#27;[32m&amp;#27;[1mobsoleto&amp;#27;[0m                            &amp;#27;[90m# steps.subprojeto.SubProjetoStep.definirOEstadoDoSubprojetoEstado(java.lang.String)&amp;#27;[0m
  &amp;#27;[32mE &amp;#27;[0m&amp;#27;[32mmarcar a opcao herdar categorias globais&amp;#27;[0m                           &amp;#27;[90m# steps.subprojeto.SubProjetoStep.marcarAOpcaoHerdarCategoriasGlobais()&amp;#27;[0m
  &amp;#27;[32mE &amp;#27;[0m&amp;#27;[32mmarcar a opcao herdar categorias da tarefa pai&amp;#27;[0m                     &amp;#27;[90m# steps.subprojeto.SubProjetoStep.marcarAOpcaoHerdarCategoriasDaTarefaPai()&amp;#27;[0m
  &amp;#27;[32mE &amp;#27;[0m&amp;#27;[32mselecionar a visibilidade do projeto&amp;#27;[0m                               &amp;#27;[90m# steps.subprojeto.SubProjetoStep.selecionarAVisibilidadeDoProjeto()&amp;#27;[0m
  &amp;#27;[32mE &amp;#27;[0m&amp;#27;[32mpreencher a descricao do subprojeto &amp;#27;[0m&amp;#27;[32m&amp;#27;[1m&quot;SubProjeto criado como teste&quot;&amp;#27;[0m &amp;#27;[90m# steps.subprojeto.SubProjetoStep.preencherADescricaoDoSubprojeto(java.lang.String)&amp;#27;[0m
  &amp;#27;[33mE &amp;#27;[0m&amp;#27;[33mclicar no botÃ£o de salvar subprojeto&amp;#27;[0m                               &amp;#27;[90m# null&amp;#27;[0m
  &amp;#27;[36mEntÃ£o &amp;#27;[0m&amp;#27;[36mo sistema deve efetuar o cadastro do subprojeto com sucesso&amp;#27;[0m    &amp;#27;[90m# steps.subprojeto.SubProjetoStep.oSistemaDeveEfetuarOCadastroDoSubprojetoComSucesso()&amp;#27;[0m
</system-out>
    <system-err>Starting ChromeDriver 100.0.4896.60 (6a5d10861ce8de5fce22564658033b43cb7de047-refs/branch-heads/4896@{#875}) on port 59027
Only local connections are allowed.
Please see https://chromedriver.chromium.org/security-considerations for suggestions on keeping ChromeDriver safe.
ChromeDriver was started successfully.
[1652650492.578][WARNING]: This version of ChromeDriver has not been tested with Chrome version 101.
mai 15, 2022 6:34:52 PM org.openqa.selenium.remote.ProtocolHandshake createSession
INFORMAÇÕES: Detected dialect: W3C
mai 15, 2022 6:34:52 PM org.openqa.selenium.devtools.CdpVersionFinder findNearestMatch
ADVERTÊNCIA: Unable to find an exact match for CDP version 101, so returning the closest version found: 99
mai 15, 2022 6:34:52 PM org.openqa.selenium.devtools.CdpVersionFinder findNearestMatch
INFORMAÇÕES: Found CDP implementation for version 101 of 99
</system-err>
  </testcase>
  <testcase classname="Criação de subprojetos" name="Criar um subprojeto sem nome" time="9.518">
    <error message="The step &quot;clicar no botão de salvar subprojeto&quot; is undefined. You can implement it using the snippet(s) below:

@Quando(&quot;clicar no botão de salvar subprojeto&quot;)
public void clicarNoBotãoDeSalvarSubprojeto() {
    // Write code here that turns the phrase above into concrete actions
    throw new io.cucumber.java.PendingException();
}
" type="io.cucumber.junit.UndefinedStepException">io.cucumber.junit.UndefinedStepException: The step &quot;clicar no botão de salvar subprojeto&quot; is undefined. You can implement it using the snippet(s) below:

@Quando(&quot;clicar no botão de salvar subprojeto&quot;)
public void clicarNoBotãoDeSalvarSubprojeto() {
    // Write code here that turns the phrase above into concrete actions
    throw new io.cucumber.java.PendingException();
}

</error>
    <system-out>
CenÃ¡rio: Criar um subprojeto sem nome                       &amp;#27;[90m# features/subprojeto.feature:30&amp;#27;[0m
  &amp;#27;[32mDado &amp;#27;[0m&amp;#27;[32mque o usuario esteja na pagina de login do Mantis&amp;#27;[0m    &amp;#27;[90m# steps.login.LoginStep.queOUsuarioEstejaNaPaginaDeLoginDoMantis()&amp;#27;[0m
  &amp;#27;[32mE &amp;#27;[0m&amp;#27;[32mque o usuario tenha feito o login com sucesso&amp;#27;[0m           &amp;#27;[90m# steps.subprojeto.SubProjetoStep.queOUsuarioTenhaFeitoOLoginComSucesso()&amp;#27;[0m
  &amp;#27;[32mQuando &amp;#27;[0m&amp;#27;[32mclicar no projeto desejado &amp;#27;[0m&amp;#27;[32m&amp;#27;[1m&quot;Teste projeto SQL 02&quot;&amp;#27;[0m  &amp;#27;[90m# steps.subprojeto.SubProjetoStep.clicarNoProjetoDesejado(java.lang.String)&amp;#27;[0m
  &amp;#27;[32mE &amp;#27;[0m&amp;#27;[32mclicar no botao de cadastrar subProjeto&amp;#27;[0m                 &amp;#27;[90m# steps.subprojeto.SubProjetoStep.clicarNoBotaoDeCadastrarSubProjeto()&amp;#27;[0m
  &amp;#27;[33mE &amp;#27;[0m&amp;#27;[33mclicar no botÃ£o de salvar subprojeto&amp;#27;[0m                    &amp;#27;[90m# null&amp;#27;[0m
  &amp;#27;[36mEntÃ£o &amp;#27;[0m&amp;#27;[36mo sistema deve permanecer na mesma tela de cadastro&amp;#27;[0m &amp;#27;[90m# steps.subprojeto.SubProjetoStep.oSistemaDevePermanecerNaMesmaTelaDeCadastro()&amp;#27;[0m
</system-out>
    <system-err>Starting ChromeDriver 100.0.4896.60 (6a5d10861ce8de5fce22564658033b43cb7de047-refs/branch-heads/4896@{#875}) on port 62983
Only local connections are allowed.
Please see https://chromedriver.chromium.org/security-considerations for suggestions on keeping ChromeDriver safe.
ChromeDriver was started successfully.
[1652650502.823][WARNING]: This version of ChromeDriver has not been tested with Chrome version 101.
mai 15, 2022 6:35:03 PM org.openqa.selenium.remote.ProtocolHandshake createSession
INFORMAÇÕES: Detected dialect: W3C
mai 15, 2022 6:35:03 PM org.openqa.selenium.devtools.CdpVersionFinder findNearestMatch
ADVERTÊNCIA: Unable to find an exact match for CDP version 101, so returning the closest version found: 99
mai 15, 2022 6:35:03 PM org.openqa.selenium.devtools.CdpVersionFinder findNearestMatch
INFORMAÇÕES: Found CDP implementation for version 101 of 99
</system-err>
  </testcase>
  <testcase classname="Criação de subprojetos" name="Criar um subprojeto com o mesmo nome do subprojeto" time="9.87">
    <error message="The step &quot;clicar no botão de salvar subprojeto&quot; is undefined. You can implement it using the snippet(s) below:

@Quando(&quot;clicar no botão de salvar subprojeto&quot;)
public void clicarNoBotãoDeSalvarSubprojeto() {
    // Write code here that turns the phrase above into concrete actions
    throw new io.cucumber.java.PendingException();
}
" type="io.cucumber.junit.UndefinedStepException">io.cucumber.junit.UndefinedStepException: The step &quot;clicar no botão de salvar subprojeto&quot; is undefined. You can implement it using the snippet(s) below:

@Quando(&quot;clicar no botão de salvar subprojeto&quot;)
public void clicarNoBotãoDeSalvarSubprojeto() {
    // Write code here that turns the phrase above into concrete actions
    throw new io.cucumber.java.PendingException();
}

</error>
    <system-out>
CenÃ¡rio: Criar um subprojeto com o mesmo nome do subprojeto     &amp;#27;[90m# features/subprojeto.feature:36&amp;#27;[0m
  &amp;#27;[32mDado &amp;#27;[0m&amp;#27;[32mque o usuario esteja na pagina de login do Mantis&amp;#27;[0m        &amp;#27;[90m# steps.login.LoginStep.queOUsuarioEstejaNaPaginaDeLoginDoMantis()&amp;#27;[0m
  &amp;#27;[32mE &amp;#27;[0m&amp;#27;[32mque o usuario tenha feito o login com sucesso&amp;#27;[0m               &amp;#27;[90m# steps.subprojeto.SubProjetoStep.queOUsuarioTenhaFeitoOLoginComSucesso()&amp;#27;[0m
  &amp;#27;[32mQuando &amp;#27;[0m&amp;#27;[32mclicar no projeto desejado &amp;#27;[0m&amp;#27;[32m&amp;#27;[1m&quot;Teste projeto SQL 02&quot;&amp;#27;[0m      &amp;#27;[90m# steps.subprojeto.SubProjetoStep.clicarNoProjetoDesejado(java.lang.String)&amp;#27;[0m
  &amp;#27;[32mE &amp;#27;[0m&amp;#27;[32mclicar no botao de cadastrar subProjeto&amp;#27;[0m                     &amp;#27;[90m# steps.subprojeto.SubProjetoStep.clicarNoBotaoDeCadastrarSubProjeto()&amp;#27;[0m
  &amp;#27;[32mE &amp;#27;[0m&amp;#27;[32mpreencher o nome do subprojeto &amp;#27;[0m&amp;#27;[32m&amp;#27;[1m&quot;Subprojeto 02&quot;&amp;#27;[0m              &amp;#27;[90m# steps.subprojeto.SubProjetoStep.preencherONomeDoSubprojeto(java.lang.String)&amp;#27;[0m
  &amp;#27;[33mE &amp;#27;[0m&amp;#27;[33mclicar no botÃ£o de salvar subprojeto&amp;#27;[0m                        &amp;#27;[90m# null&amp;#27;[0m
  &amp;#27;[36mE &amp;#27;[0m&amp;#27;[36mclicar no projeto desejado &amp;#27;[0m&amp;#27;[36m&amp;#27;[1m&quot;Teste projeto SQL 02&quot;&amp;#27;[0m&amp;#27;[36m novamente&amp;#27;[0m &amp;#27;[90m# steps.subprojeto.SubProjetoStep.clicarNoProjetoDesejadoNovamente(java.lang.String)&amp;#27;[0m
  &amp;#27;[36mE &amp;#27;[0m&amp;#27;[36mclicar no botao de cadastrar subProjeto&amp;#27;[0m                     &amp;#27;[90m# steps.subprojeto.SubProjetoStep.clicarNoBotaoDeCadastrarSubProjeto()&amp;#27;[0m
  &amp;#27;[36mE &amp;#27;[0m&amp;#27;[36mpreencher o nome do subprojeto &amp;#27;[0m&amp;#27;[36m&amp;#27;[1m&quot;Subprojeto 02&quot;&amp;#27;[0m              &amp;#27;[90m# steps.subprojeto.SubProjetoStep.preencherONomeDoSubprojeto(java.lang.String)&amp;#27;[0m
  &amp;#27;[36mE &amp;#27;[0m&amp;#27;[36mclicar no botÃ£o de salvar subprojeto&amp;#27;[0m                        &amp;#27;[90m# null&amp;#27;[0m
  &amp;#27;[36mEntÃ£o &amp;#27;[0m&amp;#27;[36mo sistema deve emitir uma mensagem de erro&amp;#27;[0m              &amp;#27;[90m# steps.subprojeto.SubProjetoStep.oSistemaDeveEmitirUmaMensagemDeErro()&amp;#27;[0m
</system-out>
    <system-err>Starting ChromeDriver 100.0.4896.60 (6a5d10861ce8de5fce22564658033b43cb7de047-refs/branch-heads/4896@{#875}) on port 49753
Only local connections are allowed.
Please see https://chromedriver.chromium.org/security-considerations for suggestions on keeping ChromeDriver safe.
ChromeDriver was started successfully.
[1652650512.403][WARNING]: This version of ChromeDriver has not been tested with Chrome version 101.
mai 15, 2022 6:35:12 PM org.openqa.selenium.remote.ProtocolHandshake createSession
INFORMAÇÕES: Detected dialect: W3C
mai 15, 2022 6:35:12 PM org.openqa.selenium.devtools.CdpVersionFinder findNearestMatch
ADVERTÊNCIA: Unable to find an exact match for CDP version 101, so returning the closest version found: 99
mai 15, 2022 6:35:12 PM org.openqa.selenium.devtools.CdpVersionFinder findNearestMatch
INFORMAÇÕES: Found CDP implementation for version 101 of 99
</system-err>
  </testcase>
  <testcase classname="Criação de subprojetos" name="Criar um subprojeto com o mesmo nome do projeto" time="9.593">
    <error message="The step &quot;clicar no botão de salvar subprojeto&quot; is undefined. You can implement it using the snippet(s) below:

@Quando(&quot;clicar no botão de salvar subprojeto&quot;)
public void clicarNoBotãoDeSalvarSubprojeto() {
    // Write code here that turns the phrase above into concrete actions
    throw new io.cucumber.java.PendingException();
}
" type="io.cucumber.junit.UndefinedStepException">io.cucumber.junit.UndefinedStepException: The step &quot;clicar no botão de salvar subprojeto&quot; is undefined. You can implement it using the snippet(s) below:

@Quando(&quot;clicar no botão de salvar subprojeto&quot;)
public void clicarNoBotãoDeSalvarSubprojeto() {
    // Write code here that turns the phrase above into concrete actions
    throw new io.cucumber.java.PendingException();
}

</error>
    <system-out>
CenÃ¡rio: Criar um subprojeto com o mesmo nome do projeto   &amp;#27;[90m# features/subprojeto.feature:47&amp;#27;[0m
  &amp;#27;[32mDado &amp;#27;[0m&amp;#27;[32mque o usuario esteja na pagina de login do Mantis&amp;#27;[0m   &amp;#27;[90m# steps.login.LoginStep.queOUsuarioEstejaNaPaginaDeLoginDoMantis()&amp;#27;[0m
  &amp;#27;[32mE &amp;#27;[0m&amp;#27;[32mque o usuario tenha feito o login com sucesso&amp;#27;[0m          &amp;#27;[90m# steps.subprojeto.SubProjetoStep.queOUsuarioTenhaFeitoOLoginComSucesso()&amp;#27;[0m
  &amp;#27;[32mQuando &amp;#27;[0m&amp;#27;[32mclicar no projeto desejado &amp;#27;[0m&amp;#27;[32m&amp;#27;[1m&quot;Teste projeto SQL 02&quot;&amp;#27;[0m &amp;#27;[90m# steps.subprojeto.SubProjetoStep.clicarNoProjetoDesejado(java.lang.String)&amp;#27;[0m
  &amp;#27;[32mE &amp;#27;[0m&amp;#27;[32mclicar no botao de cadastrar subProjeto&amp;#27;[0m                &amp;#27;[90m# steps.subprojeto.SubProjetoStep.clicarNoBotaoDeCadastrarSubProjeto()&amp;#27;[0m
  &amp;#27;[32mE &amp;#27;[0m&amp;#27;[32mpreencher o nome do subprojeto &amp;#27;[0m&amp;#27;[32m&amp;#27;[1m&quot;Teste projeto SQL 02&quot;&amp;#27;[0m  &amp;#27;[90m# steps.subprojeto.SubProjetoStep.preencherONomeDoSubprojeto(java.lang.String)&amp;#27;[0m
  &amp;#27;[33mE &amp;#27;[0m&amp;#27;[33mclicar no botÃ£o de salvar subprojeto&amp;#27;[0m                   &amp;#27;[90m# null&amp;#27;[0m
  &amp;#27;[36mEntÃ£o &amp;#27;[0m&amp;#27;[36mo sistema deve emitir uma mensagem de erro&amp;#27;[0m         &amp;#27;[90m# steps.subprojeto.SubProjetoStep.oSistemaDeveEmitirUmaMensagemDeErro()&amp;#27;[0m
</system-out>
    <system-err>Starting ChromeDriver 100.0.4896.60 (6a5d10861ce8de5fce22564658033b43cb7de047-refs/branch-heads/4896@{#875}) on port 52120
Only local connections are allowed.
Please see https://chromedriver.chromium.org/security-considerations for suggestions on keeping ChromeDriver safe.
ChromeDriver was started successfully.
[1652650522.178][WARNING]: This version of ChromeDriver has not been tested with Chrome version 101.
mai 15, 2022 6:35:22 PM org.openqa.selenium.remote.ProtocolHandshake createSession
INFORMAÇÕES: Detected dialect: W3C
mai 15, 2022 6:35:22 PM org.openqa.selenium.devtools.CdpVersionFinder findNearestMatch
ADVERTÊNCIA: Unable to find an exact match for CDP version 101, so returning the closest version found: 99
mai 15, 2022 6:35:22 PM org.openqa.selenium.devtools.CdpVersionFinder findNearestMatch
INFORMAÇÕES: Found CDP implementation for version 101 of 99
</system-err>
  </testcase>
  <testcase classname="Criação de subprojetos" name="Criar um subprojeto com número no nome #1" time="9.742">
    <error message="The step &quot;clicar no botão de salvar subprojeto&quot; is undefined. You can implement it using the snippet(s) below:

@Quando(&quot;clicar no botão de salvar subprojeto&quot;)
public void clicarNoBotãoDeSalvarSubprojeto() {
    // Write code here that turns the phrase above into concrete actions
    throw new io.cucumber.java.PendingException();
}


Some other steps were also undefined:

@Então(&quot;o sistema deve efetuar o cadastro do subprojeto com número com sucesso&quot;)
public void oSistemaDeveEfetuarOCadastroDoSubprojetoComNúmeroComSucesso() {
    // Write code here that turns the phrase above into concrete actions
    throw new io.cucumber.java.PendingException();
}
" type="io.cucumber.junit.UndefinedStepException">io.cucumber.junit.UndefinedStepException: The step &quot;clicar no botão de salvar subprojeto&quot; is undefined. You can implement it using the snippet(s) below:

@Quando(&quot;clicar no botão de salvar subprojeto&quot;)
public void clicarNoBotãoDeSalvarSubprojeto() {
    // Write code here that turns the phrase above into concrete actions
    throw new io.cucumber.java.PendingException();
}


Some other steps were also undefined:

@Então(&quot;o sistema deve efetuar o cadastro do subprojeto com número com sucesso&quot;)
public void oSistemaDeveEfetuarOCadastroDoSubprojetoComNúmeroComSucesso() {
    // Write code here that turns the phrase above into concrete actions
    throw new io.cucumber.java.PendingException();
}

</error>
    <system-out>
Esquema do CenÃ¡rio: Criar um subprojeto com nÃºmero no nome                     &amp;#27;[90m# features/subprojeto.feature:67&amp;#27;[0m
  &amp;#27;[32mDado &amp;#27;[0m&amp;#27;[32mque o usuario esteja na pagina de login do Mantis&amp;#27;[0m                       &amp;#27;[90m# steps.login.LoginStep.queOUsuarioEstejaNaPaginaDeLoginDoMantis()&amp;#27;[0m
  &amp;#27;[32mE &amp;#27;[0m&amp;#27;[32mque o usuario tenha feito o login com sucesso&amp;#27;[0m                              &amp;#27;[90m# steps.subprojeto.SubProjetoStep.queOUsuarioTenhaFeitoOLoginComSucesso()&amp;#27;[0m
  &amp;#27;[32mQuando &amp;#27;[0m&amp;#27;[32mclicar no projeto desejado &amp;#27;[0m&amp;#27;[32m&amp;#27;[1m&quot;Teste projeto SQL 02&quot;&amp;#27;[0m                     &amp;#27;[90m# steps.subprojeto.SubProjetoStep.clicarNoProjetoDesejado(java.lang.String)&amp;#27;[0m
  &amp;#27;[32mE &amp;#27;[0m&amp;#27;[32mclicar no botao de cadastrar subProjeto&amp;#27;[0m                                    &amp;#27;[90m# steps.subprojeto.SubProjetoStep.clicarNoBotaoDeCadastrarSubProjeto()&amp;#27;[0m
  &amp;#27;[32mE &amp;#27;[0m&amp;#27;[32mpreencher o nome do subprojeto &amp;#27;[0m&amp;#27;[32m&amp;#27;[1m&quot;123456789&quot;&amp;#27;[0m                                 &amp;#27;[90m# steps.subprojeto.SubProjetoStep.preencherONomeDoSubprojeto(java.lang.String)&amp;#27;[0m
  &amp;#27;[32mE &amp;#27;[0m&amp;#27;[32mdefinir o estado do subprojeto &amp;#27;[0m&amp;#27;[32m&amp;#27;[1mdesenvolvimento&amp;#27;[0m                             &amp;#27;[90m# steps.subprojeto.SubProjetoStep.definirOEstadoDoSubprojetoEstado(java.lang.String)&amp;#27;[0m
  &amp;#27;[32mE &amp;#27;[0m&amp;#27;[32mmarcar a opcao herdar categorias globais&amp;#27;[0m                                   &amp;#27;[90m# steps.subprojeto.SubProjetoStep.marcarAOpcaoHerdarCategoriasGlobais()&amp;#27;[0m
  &amp;#27;[32mE &amp;#27;[0m&amp;#27;[32mmarcar a opcao herdar categorias da tarefa pai&amp;#27;[0m                             &amp;#27;[90m# steps.subprojeto.SubProjetoStep.marcarAOpcaoHerdarCategoriasDaTarefaPai()&amp;#27;[0m
  &amp;#27;[32mE &amp;#27;[0m&amp;#27;[32mselecionar a visibilidade do projeto&amp;#27;[0m                                       &amp;#27;[90m# steps.subprojeto.SubProjetoStep.selecionarAVisibilidadeDoProjeto()&amp;#27;[0m
  &amp;#27;[33mE &amp;#27;[0m&amp;#27;[33mclicar no botÃ£o de salvar subprojeto&amp;#27;[0m                                       &amp;#27;[90m# null&amp;#27;[0m
  &amp;#27;[36mEntÃ£o &amp;#27;[0m&amp;#27;[36mo sistema deve efetuar o cadastro do subprojeto com nÃºmero com sucesso&amp;#27;[0m &amp;#27;[90m# null&amp;#27;[0m
</system-out>
    <system-err>Starting ChromeDriver 100.0.4896.60 (6a5d10861ce8de5fce22564658033b43cb7de047-refs/branch-heads/4896@{#875}) on port 52438
Only local connections are allowed.
Please see https://chromedriver.chromium.org/security-considerations for suggestions on keeping ChromeDriver safe.
ChromeDriver was started successfully.
[1652650531.791][WARNING]: This version of ChromeDriver has not been tested with Chrome version 101.
mai 15, 2022 6:35:32 PM org.openqa.selenium.remote.ProtocolHandshake createSession
INFORMAÇÕES: Detected dialect: W3C
mai 15, 2022 6:35:32 PM org.openqa.selenium.devtools.CdpVersionFinder findNearestMatch
ADVERTÊNCIA: Unable to find an exact match for CDP version 101, so returning the closest version found: 99
mai 15, 2022 6:35:32 PM org.openqa.selenium.devtools.CdpVersionFinder findNearestMatch
INFORMAÇÕES: Found CDP implementation for version 101 of 99
</system-err>
  </testcase>
  <testcase classname="Criação de subprojetos" name="Criar um subprojeto com número no nome #2" time="9.968">
    <error message="The step &quot;clicar no botão de salvar subprojeto&quot; is undefined. You can implement it using the snippet(s) below:

@Quando(&quot;clicar no botão de salvar subprojeto&quot;)
public void clicarNoBotãoDeSalvarSubprojeto() {
    // Write code here that turns the phrase above into concrete actions
    throw new io.cucumber.java.PendingException();
}


Some other steps were also undefined:

@Então(&quot;o sistema deve efetuar o cadastro do subprojeto com número com sucesso&quot;)
public void oSistemaDeveEfetuarOCadastroDoSubprojetoComNúmeroComSucesso() {
    // Write code here that turns the phrase above into concrete actions
    throw new io.cucumber.java.PendingException();
}
" type="io.cucumber.junit.UndefinedStepException">io.cucumber.junit.UndefinedStepException: The step &quot;clicar no botão de salvar subprojeto&quot; is undefined. You can implement it using the snippet(s) below:

@Quando(&quot;clicar no botão de salvar subprojeto&quot;)
public void clicarNoBotãoDeSalvarSubprojeto() {
    // Write code here that turns the phrase above into concrete actions
    throw new io.cucumber.java.PendingException();
}


Some other steps were also undefined:

@Então(&quot;o sistema deve efetuar o cadastro do subprojeto com número com sucesso&quot;)
public void oSistemaDeveEfetuarOCadastroDoSubprojetoComNúmeroComSucesso() {
    // Write code here that turns the phrase above into concrete actions
    throw new io.cucumber.java.PendingException();
}

</error>
    <system-out>
Esquema do CenÃ¡rio: Criar um subprojeto com nÃºmero no nome                     &amp;#27;[90m# features/subprojeto.feature:68&amp;#27;[0m
  &amp;#27;[32mDado &amp;#27;[0m&amp;#27;[32mque o usuario esteja na pagina de login do Mantis&amp;#27;[0m                       &amp;#27;[90m# steps.login.LoginStep.queOUsuarioEstejaNaPaginaDeLoginDoMantis()&amp;#27;[0m
  &amp;#27;[32mE &amp;#27;[0m&amp;#27;[32mque o usuario tenha feito o login com sucesso&amp;#27;[0m                              &amp;#27;[90m# steps.subprojeto.SubProjetoStep.queOUsuarioTenhaFeitoOLoginComSucesso()&amp;#27;[0m
  &amp;#27;[32mQuando &amp;#27;[0m&amp;#27;[32mclicar no projeto desejado &amp;#27;[0m&amp;#27;[32m&amp;#27;[1m&quot;Teste projeto SQL 02&quot;&amp;#27;[0m                     &amp;#27;[90m# steps.subprojeto.SubProjetoStep.clicarNoProjetoDesejado(java.lang.String)&amp;#27;[0m
  &amp;#27;[32mE &amp;#27;[0m&amp;#27;[32mclicar no botao de cadastrar subProjeto&amp;#27;[0m                                    &amp;#27;[90m# steps.subprojeto.SubProjetoStep.clicarNoBotaoDeCadastrarSubProjeto()&amp;#27;[0m
  &amp;#27;[32mE &amp;#27;[0m&amp;#27;[32mpreencher o nome do subprojeto &amp;#27;[0m&amp;#27;[32m&amp;#27;[1m&quot;123456789&quot;&amp;#27;[0m                                 &amp;#27;[90m# steps.subprojeto.SubProjetoStep.preencherONomeDoSubprojeto(java.lang.String)&amp;#27;[0m
  &amp;#27;[32mE &amp;#27;[0m&amp;#27;[32mdefinir o estado do subprojeto &amp;#27;[0m&amp;#27;[32m&amp;#27;[1mrelease&amp;#27;[0m                                     &amp;#27;[90m# steps.subprojeto.SubProjetoStep.definirOEstadoDoSubprojetoEstado(java.lang.String)&amp;#27;[0m
  &amp;#27;[32mE &amp;#27;[0m&amp;#27;[32mmarcar a opcao herdar categorias globais&amp;#27;[0m                                   &amp;#27;[90m# steps.subprojeto.SubProjetoStep.marcarAOpcaoHerdarCategoriasGlobais()&amp;#27;[0m
  &amp;#27;[32mE &amp;#27;[0m&amp;#27;[32mmarcar a opcao herdar categorias da tarefa pai&amp;#27;[0m                             &amp;#27;[90m# steps.subprojeto.SubProjetoStep.marcarAOpcaoHerdarCategoriasDaTarefaPai()&amp;#27;[0m
  &amp;#27;[32mE &amp;#27;[0m&amp;#27;[32mselecionar a visibilidade do projeto&amp;#27;[0m                                       &amp;#27;[90m# steps.subprojeto.SubProjetoStep.selecionarAVisibilidadeDoProjeto()&amp;#27;[0m
  &amp;#27;[33mE &amp;#27;[0m&amp;#27;[33mclicar no botÃ£o de salvar subprojeto&amp;#27;[0m                                       &amp;#27;[90m# null&amp;#27;[0m
  &amp;#27;[36mEntÃ£o &amp;#27;[0m&amp;#27;[36mo sistema deve efetuar o cadastro do subprojeto com nÃºmero com sucesso&amp;#27;[0m &amp;#27;[90m# null&amp;#27;[0m
</system-out>
    <system-err>Starting ChromeDriver 100.0.4896.60 (6a5d10861ce8de5fce22564658033b43cb7de047-refs/branch-heads/4896@{#875}) on port 55265
Only local connections are allowed.
Please see https://chromedriver.chromium.org/security-considerations for suggestions on keeping ChromeDriver safe.
ChromeDriver was started successfully.
[1652650541.462][WARNING]: This version of ChromeDriver has not been tested with Chrome version 101.
mai 15, 2022 6:35:41 PM org.openqa.selenium.remote.ProtocolHandshake createSession
INFORMAÇÕES: Detected dialect: W3C
mai 15, 2022 6:35:41 PM org.openqa.selenium.devtools.CdpVersionFinder findNearestMatch
ADVERTÊNCIA: Unable to find an exact match for CDP version 101, so returning the closest version found: 99
mai 15, 2022 6:35:41 PM org.openqa.selenium.devtools.CdpVersionFinder findNearestMatch
INFORMAÇÕES: Found CDP implementation for version 101 of 99
</system-err>
  </testcase>
  <testcase classname="Criação de subprojetos" name="Criar um subprojeto com número no nome #3" time="9.962">
    <error message="The step &quot;clicar no botão de salvar subprojeto&quot; is undefined. You can implement it using the snippet(s) below:

@Quando(&quot;clicar no botão de salvar subprojeto&quot;)
public void clicarNoBotãoDeSalvarSubprojeto() {
    // Write code here that turns the phrase above into concrete actions
    throw new io.cucumber.java.PendingException();
}


Some other steps were also undefined:

@Então(&quot;o sistema deve efetuar o cadastro do subprojeto com número com sucesso&quot;)
public void oSistemaDeveEfetuarOCadastroDoSubprojetoComNúmeroComSucesso() {
    // Write code here that turns the phrase above into concrete actions
    throw new io.cucumber.java.PendingException();
}
" type="io.cucumber.junit.UndefinedStepException">io.cucumber.junit.UndefinedStepException: The step &quot;clicar no botão de salvar subprojeto&quot; is undefined. You can implement it using the snippet(s) below:

@Quando(&quot;clicar no botão de salvar subprojeto&quot;)
public void clicarNoBotãoDeSalvarSubprojeto() {
    // Write code here that turns the phrase above into concrete actions
    throw new io.cucumber.java.PendingException();
}


Some other steps were also undefined:

@Então(&quot;o sistema deve efetuar o cadastro do subprojeto com número com sucesso&quot;)
public void oSistemaDeveEfetuarOCadastroDoSubprojetoComNúmeroComSucesso() {
    // Write code here that turns the phrase above into concrete actions
    throw new io.cucumber.java.PendingException();
}

</error>
    <system-out>
Esquema do CenÃ¡rio: Criar um subprojeto com nÃºmero no nome                     &amp;#27;[90m# features/subprojeto.feature:69&amp;#27;[0m
  &amp;#27;[32mDado &amp;#27;[0m&amp;#27;[32mque o usuario esteja na pagina de login do Mantis&amp;#27;[0m                       &amp;#27;[90m# steps.login.LoginStep.queOUsuarioEstejaNaPaginaDeLoginDoMantis()&amp;#27;[0m
  &amp;#27;[32mE &amp;#27;[0m&amp;#27;[32mque o usuario tenha feito o login com sucesso&amp;#27;[0m                              &amp;#27;[90m# steps.subprojeto.SubProjetoStep.queOUsuarioTenhaFeitoOLoginComSucesso()&amp;#27;[0m
  &amp;#27;[32mQuando &amp;#27;[0m&amp;#27;[32mclicar no projeto desejado &amp;#27;[0m&amp;#27;[32m&amp;#27;[1m&quot;Teste projeto SQL 02&quot;&amp;#27;[0m                     &amp;#27;[90m# steps.subprojeto.SubProjetoStep.clicarNoProjetoDesejado(java.lang.String)&amp;#27;[0m
  &amp;#27;[32mE &amp;#27;[0m&amp;#27;[32mclicar no botao de cadastrar subProjeto&amp;#27;[0m                                    &amp;#27;[90m# steps.subprojeto.SubProjetoStep.clicarNoBotaoDeCadastrarSubProjeto()&amp;#27;[0m
  &amp;#27;[32mE &amp;#27;[0m&amp;#27;[32mpreencher o nome do subprojeto &amp;#27;[0m&amp;#27;[32m&amp;#27;[1m&quot;123456789&quot;&amp;#27;[0m                                 &amp;#27;[90m# steps.subprojeto.SubProjetoStep.preencherONomeDoSubprojeto(java.lang.String)&amp;#27;[0m
  &amp;#27;[32mE &amp;#27;[0m&amp;#27;[32mdefinir o estado do subprojeto &amp;#27;[0m&amp;#27;[32m&amp;#27;[1mobsoleto&amp;#27;[0m                                    &amp;#27;[90m# steps.subprojeto.SubProjetoStep.definirOEstadoDoSubprojetoEstado(java.lang.String)&amp;#27;[0m
  &amp;#27;[32mE &amp;#27;[0m&amp;#27;[32mmarcar a opcao herdar categorias globais&amp;#27;[0m                                   &amp;#27;[90m# steps.subprojeto.SubProjetoStep.marcarAOpcaoHerdarCategoriasGlobais()&amp;#27;[0m
  &amp;#27;[32mE &amp;#27;[0m&amp;#27;[32mmarcar a opcao herdar categorias da tarefa pai&amp;#27;[0m                             &amp;#27;[90m# steps.subprojeto.SubProjetoStep.marcarAOpcaoHerdarCategoriasDaTarefaPai()&amp;#27;[0m
  &amp;#27;[32mE &amp;#27;[0m&amp;#27;[32mselecionar a visibilidade do projeto&amp;#27;[0m                                       &amp;#27;[90m# steps.subprojeto.SubProjetoStep.selecionarAVisibilidadeDoProjeto()&amp;#27;[0m
  &amp;#27;[33mE &amp;#27;[0m&amp;#27;[33mclicar no botÃ£o de salvar subprojeto&amp;#27;[0m                                       &amp;#27;[90m# null&amp;#27;[0m
  &amp;#27;[36mEntÃ£o &amp;#27;[0m&amp;#27;[36mo sistema deve efetuar o cadastro do subprojeto com nÃºmero com sucesso&amp;#27;[0m &amp;#27;[90m# null&amp;#27;[0m
</system-out>
    <system-err>Starting ChromeDriver 100.0.4896.60 (6a5d10861ce8de5fce22564658033b43cb7de047-refs/branch-heads/4896@{#875}) on port 61317
Only local connections are allowed.
Please see https://chromedriver.chromium.org/security-considerations for suggestions on keeping ChromeDriver safe.
ChromeDriver was started successfully.
[1652650551.552][WARNING]: This version of ChromeDriver has not been tested with Chrome version 101.
mai 15, 2022 6:35:51 PM org.openqa.selenium.remote.ProtocolHandshake createSession
INFORMAÇÕES: Detected dialect: W3C
mai 15, 2022 6:35:51 PM org.openqa.selenium.devtools.CdpVersionFinder findNearestMatch
ADVERTÊNCIA: Unable to find an exact match for CDP version 101, so returning the closest version found: 99
mai 15, 2022 6:35:51 PM org.openqa.selenium.devtools.CdpVersionFinder findNearestMatch
INFORMAÇÕES: Found CDP implementation for version 101 of 99
</system-err>
  </testcase>
  <testcase classname="Criação de subprojetos" name="Criar um subprojeto com caracter especial no nome #1" time="10.802">
    <error message="The step &quot;clicar no botão de salvar subprojeto&quot; is undefined. You can implement it using the snippet(s) below:

@Quando(&quot;clicar no botão de salvar subprojeto&quot;)
public void clicarNoBotãoDeSalvarSubprojeto() {
    // Write code here that turns the phrase above into concrete actions
    throw new io.cucumber.java.PendingException();
}
" type="io.cucumber.junit.UndefinedStepException">io.cucumber.junit.UndefinedStepException: The step &quot;clicar no botão de salvar subprojeto&quot; is undefined. You can implement it using the snippet(s) below:

@Quando(&quot;clicar no botão de salvar subprojeto&quot;)
public void clicarNoBotãoDeSalvarSubprojeto() {
    // Write code here that turns the phrase above into concrete actions
    throw new io.cucumber.java.PendingException();
}

</error>
    <system-out>
Esquema do CenÃ¡rio: Criar um subprojeto com caracter especial no nome                     &amp;#27;[90m# features/subprojeto.feature:84&amp;#27;[0m
  &amp;#27;[32mDado &amp;#27;[0m&amp;#27;[32mque o usuario esteja na pagina de login do Mantis&amp;#27;[0m                                  &amp;#27;[90m# steps.login.LoginStep.queOUsuarioEstejaNaPaginaDeLoginDoMantis()&amp;#27;[0m
  &amp;#27;[32mE &amp;#27;[0m&amp;#27;[32mque o usuario tenha feito o login com sucesso&amp;#27;[0m                                         &amp;#27;[90m# steps.subprojeto.SubProjetoStep.queOUsuarioTenhaFeitoOLoginComSucesso()&amp;#27;[0m
  &amp;#27;[32mQuando &amp;#27;[0m&amp;#27;[32mclicar no projeto desejado &amp;#27;[0m&amp;#27;[32m&amp;#27;[1m&quot;Teste projeto SQL 02&quot;&amp;#27;[0m                                &amp;#27;[90m# steps.subprojeto.SubProjetoStep.clicarNoProjetoDesejado(java.lang.String)&amp;#27;[0m
  &amp;#27;[32mE &amp;#27;[0m&amp;#27;[32mclicar no botao de cadastrar subProjeto&amp;#27;[0m                                               &amp;#27;[90m# steps.subprojeto.SubProjetoStep.clicarNoBotaoDeCadastrarSubProjeto()&amp;#27;[0m
  &amp;#27;[32mE &amp;#27;[0m&amp;#27;[32mpreencher o nome do subprojeto &amp;#27;[0m&amp;#27;[32m&amp;#27;[1m&quot;#$#$%#%&amp;*(!!_&gt;&quot;&amp;#27;[0m                                       &amp;#27;[90m# steps.subprojeto.SubProjetoStep.preencherONomeDoSubprojeto(java.lang.String)&amp;#27;[0m
  &amp;#27;[32mE &amp;#27;[0m&amp;#27;[32mdefinir o estado do subprojeto &amp;#27;[0m&amp;#27;[32m&amp;#27;[1mdesenvolvimento&amp;#27;[0m                                        &amp;#27;[90m# steps.subprojeto.SubProjetoStep.definirOEstadoDoSubprojetoEstado(java.lang.String)&amp;#27;[0m
  &amp;#27;[32mE &amp;#27;[0m&amp;#27;[32mmarcar a opcao herdar categorias globais&amp;#27;[0m                                              &amp;#27;[90m# steps.subprojeto.SubProjetoStep.marcarAOpcaoHerdarCategoriasGlobais()&amp;#27;[0m
  &amp;#27;[32mE &amp;#27;[0m&amp;#27;[32mmarcar a opcao herdar categorias da tarefa pai&amp;#27;[0m                                        &amp;#27;[90m# steps.subprojeto.SubProjetoStep.marcarAOpcaoHerdarCategoriasDaTarefaPai()&amp;#27;[0m
  &amp;#27;[32mE &amp;#27;[0m&amp;#27;[32mselecionar a visibilidade do projeto&amp;#27;[0m                                                  &amp;#27;[90m# steps.subprojeto.SubProjetoStep.selecionarAVisibilidadeDoProjeto()&amp;#27;[0m
  &amp;#27;[33mE &amp;#27;[0m&amp;#27;[33mclicar no botÃ£o de salvar subprojeto&amp;#27;[0m                                                  &amp;#27;[90m# null&amp;#27;[0m
  &amp;#27;[36mEntÃ£o &amp;#27;[0m&amp;#27;[36mo sistema deve efetuar o cadastro do subprojeto com caracter especial com sucesso&amp;#27;[0m &amp;#27;[90m# steps.subprojeto.SubProjetoStep.oSistemaDeveEfetuarOCadastroDoSubprojetoComCaracterEspecialComSucesso()&amp;#27;[0m
</system-out>
    <system-err>Starting ChromeDriver 100.0.4896.60 (6a5d10861ce8de5fce22564658033b43cb7de047-refs/branch-heads/4896@{#875}) on port 61311
Only local connections are allowed.
Please see https://chromedriver.chromium.org/security-considerations for suggestions on keeping ChromeDriver safe.
ChromeDriver was started successfully.
[1652650561.659][WARNING]: This version of ChromeDriver has not been tested with Chrome version 101.
mai 15, 2022 6:36:01 PM org.openqa.selenium.remote.ProtocolHandshake createSession
INFORMAÇÕES: Detected dialect: W3C
mai 15, 2022 6:36:01 PM org.openqa.selenium.devtools.CdpVersionFinder findNearestMatch
ADVERTÊNCIA: Unable to find an exact match for CDP version 101, so returning the closest version found: 99
mai 15, 2022 6:36:01 PM org.openqa.selenium.devtools.CdpVersionFinder findNearestMatch
INFORMAÇÕES: Found CDP implementation for version 101 of 99
</system-err>
  </testcase>
  <testcase classname="Criação de subprojetos" name="Criar um subprojeto com caracter especial no nome #2" time="10.556">
    <error message="The step &quot;clicar no botão de salvar subprojeto&quot; is undefined. You can implement it using the snippet(s) below:

@Quando(&quot;clicar no botão de salvar subprojeto&quot;)
public void clicarNoBotãoDeSalvarSubprojeto() {
    // Write code here that turns the phrase above into concrete actions
    throw new io.cucumber.java.PendingException();
}
" type="io.cucumber.junit.UndefinedStepException">io.cucumber.junit.UndefinedStepException: The step &quot;clicar no botão de salvar subprojeto&quot; is undefined. You can implement it using the snippet(s) below:

@Quando(&quot;clicar no botão de salvar subprojeto&quot;)
public void clicarNoBotãoDeSalvarSubprojeto() {
    // Write code here that turns the phrase above into concrete actions
    throw new io.cucumber.java.PendingException();
}

</error>
    <system-out>
Esquema do CenÃ¡rio: Criar um subprojeto com caracter especial no nome                     &amp;#27;[90m# features/subprojeto.feature:85&amp;#27;[0m
  &amp;#27;[32mDado &amp;#27;[0m&amp;#27;[32mque o usuario esteja na pagina de login do Mantis&amp;#27;[0m                                  &amp;#27;[90m# steps.login.LoginStep.queOUsuarioEstejaNaPaginaDeLoginDoMantis()&amp;#27;[0m
  &amp;#27;[32mE &amp;#27;[0m&amp;#27;[32mque o usuario tenha feito o login com sucesso&amp;#27;[0m                                         &amp;#27;[90m# steps.subprojeto.SubProjetoStep.queOUsuarioTenhaFeitoOLoginComSucesso()&amp;#27;[0m
  &amp;#27;[32mQuando &amp;#27;[0m&amp;#27;[32mclicar no projeto desejado &amp;#27;[0m&amp;#27;[32m&amp;#27;[1m&quot;Teste projeto SQL 02&quot;&amp;#27;[0m                                &amp;#27;[90m# steps.subprojeto.SubProjetoStep.clicarNoProjetoDesejado(java.lang.String)&amp;#27;[0m
  &amp;#27;[32mE &amp;#27;[0m&amp;#27;[32mclicar no botao de cadastrar subProjeto&amp;#27;[0m                                               &amp;#27;[90m# steps.subprojeto.SubProjetoStep.clicarNoBotaoDeCadastrarSubProjeto()&amp;#27;[0m
  &amp;#27;[32mE &amp;#27;[0m&amp;#27;[32mpreencher o nome do subprojeto &amp;#27;[0m&amp;#27;[32m&amp;#27;[1m&quot;#$#$%#%&amp;*(!!_&gt;&quot;&amp;#27;[0m                                       &amp;#27;[90m# steps.subprojeto.SubProjetoStep.preencherONomeDoSubprojeto(java.lang.String)&amp;#27;[0m
  &amp;#27;[32mE &amp;#27;[0m&amp;#27;[32mdefinir o estado do subprojeto &amp;#27;[0m&amp;#27;[32m&amp;#27;[1mrelease&amp;#27;[0m                                                &amp;#27;[90m# steps.subprojeto.SubProjetoStep.definirOEstadoDoSubprojetoEstado(java.lang.String)&amp;#27;[0m
  &amp;#27;[32mE &amp;#27;[0m&amp;#27;[32mmarcar a opcao herdar categorias globais&amp;#27;[0m                                              &amp;#27;[90m# steps.subprojeto.SubProjetoStep.marcarAOpcaoHerdarCategoriasGlobais()&amp;#27;[0m
  &amp;#27;[32mE &amp;#27;[0m&amp;#27;[32mmarcar a opcao herdar categorias da tarefa pai&amp;#27;[0m                                        &amp;#27;[90m# steps.subprojeto.SubProjetoStep.marcarAOpcaoHerdarCategoriasDaTarefaPai()&amp;#27;[0m
  &amp;#27;[32mE &amp;#27;[0m&amp;#27;[32mselecionar a visibilidade do projeto&amp;#27;[0m                                                  &amp;#27;[90m# steps.subprojeto.SubProjetoStep.selecionarAVisibilidadeDoProjeto()&amp;#27;[0m
  &amp;#27;[33mE &amp;#27;[0m&amp;#27;[33mclicar no botÃ£o de salvar subprojeto&amp;#27;[0m                                                  &amp;#27;[90m# null&amp;#27;[0m
  &amp;#27;[36mEntÃ£o &amp;#27;[0m&amp;#27;[36mo sistema deve efetuar o cadastro do subprojeto com caracter especial com sucesso&amp;#27;[0m &amp;#27;[90m# steps.subprojeto.SubProjetoStep.oSistemaDeveEfetuarOCadastroDoSubprojetoComCaracterEspecialComSucesso()&amp;#27;[0m
</system-out>
    <system-err>Starting ChromeDriver 100.0.4896.60 (6a5d10861ce8de5fce22564658033b43cb7de047-refs/branch-heads/4896@{#875}) on port 49943
Only local connections are allowed.
Please see https://chromedriver.chromium.org/security-considerations for suggestions on keeping ChromeDriver safe.
ChromeDriver was started successfully.
[1652650572.560][WARNING]: This version of ChromeDriver has not been tested with Chrome version 101.
mai 15, 2022 6:36:12 PM org.openqa.selenium.remote.ProtocolHandshake createSession
INFORMAÇÕES: Detected dialect: W3C
mai 15, 2022 6:36:13 PM org.openqa.selenium.devtools.CdpVersionFinder findNearestMatch
ADVERTÊNCIA: Unable to find an exact match for CDP version 101, so returning the closest version found: 99
mai 15, 2022 6:36:13 PM org.openqa.selenium.devtools.CdpVersionFinder findNearestMatch
INFORMAÇÕES: Found CDP implementation for version 101 of 99
</system-err>
  </testcase>
  <testcase classname="Criação de subprojetos" name="Criar um subprojeto com caracter especial no nome #3" time="10.256">
    <error message="The step &quot;clicar no botão de salvar subprojeto&quot; is undefined. You can implement it using the snippet(s) below:

@Quando(&quot;clicar no botão de salvar subprojeto&quot;)
public void clicarNoBotãoDeSalvarSubprojeto() {
    // Write code here that turns the phrase above into concrete actions
    throw new io.cucumber.java.PendingException();
}
" type="io.cucumber.junit.UndefinedStepException">io.cucumber.junit.UndefinedStepException: The step &quot;clicar no botão de salvar subprojeto&quot; is undefined. You can implement it using the snippet(s) below:

@Quando(&quot;clicar no botão de salvar subprojeto&quot;)
public void clicarNoBotãoDeSalvarSubprojeto() {
    // Write code here that turns the phrase above into concrete actions
    throw new io.cucumber.java.PendingException();
}

</error>
    <system-out>
Esquema do CenÃ¡rio: Criar um subprojeto com caracter especial no nome                     &amp;#27;[90m# features/subprojeto.feature:86&amp;#27;[0m
  &amp;#27;[32mDado &amp;#27;[0m&amp;#27;[32mque o usuario esteja na pagina de login do Mantis&amp;#27;[0m                                  &amp;#27;[90m# steps.login.LoginStep.queOUsuarioEstejaNaPaginaDeLoginDoMantis()&amp;#27;[0m
  &amp;#27;[32mE &amp;#27;[0m&amp;#27;[32mque o usuario tenha feito o login com sucesso&amp;#27;[0m                                         &amp;#27;[90m# steps.subprojeto.SubProjetoStep.queOUsuarioTenhaFeitoOLoginComSucesso()&amp;#27;[0m
  &amp;#27;[32mQuando &amp;#27;[0m&amp;#27;[32mclicar no projeto desejado &amp;#27;[0m&amp;#27;[32m&amp;#27;[1m&quot;Teste projeto SQL 02&quot;&amp;#27;[0m                                &amp;#27;[90m# steps.subprojeto.SubProjetoStep.clicarNoProjetoDesejado(java.lang.String)&amp;#27;[0m
  &amp;#27;[32mE &amp;#27;[0m&amp;#27;[32mclicar no botao de cadastrar subProjeto&amp;#27;[0m                                               &amp;#27;[90m# steps.subprojeto.SubProjetoStep.clicarNoBotaoDeCadastrarSubProjeto()&amp;#27;[0m
  &amp;#27;[32mE &amp;#27;[0m&amp;#27;[32mpreencher o nome do subprojeto &amp;#27;[0m&amp;#27;[32m&amp;#27;[1m&quot;#$#$%#%&amp;*(!!_&gt;&quot;&amp;#27;[0m                                       &amp;#27;[90m# steps.subprojeto.SubProjetoStep.preencherONomeDoSubprojeto(java.lang.String)&amp;#27;[0m
  &amp;#27;[32mE &amp;#27;[0m&amp;#27;[32mdefinir o estado do subprojeto &amp;#27;[0m&amp;#27;[32m&amp;#27;[1mobsoleto&amp;#27;[0m                                               &amp;#27;[90m# steps.subprojeto.SubProjetoStep.definirOEstadoDoSubprojetoEstado(java.lang.String)&amp;#27;[0m
  &amp;#27;[32mE &amp;#27;[0m&amp;#27;[32mmarcar a opcao herdar categorias globais&amp;#27;[0m                                              &amp;#27;[90m# steps.subprojeto.SubProjetoStep.marcarAOpcaoHerdarCategoriasGlobais()&amp;#27;[0m
  &amp;#27;[32mE &amp;#27;[0m&amp;#27;[32mmarcar a opcao herdar categorias da tarefa pai&amp;#27;[0m                                        &amp;#27;[90m# steps.subprojeto.SubProjetoStep.marcarAOpcaoHerdarCategoriasDaTarefaPai()&amp;#27;[0m
  &amp;#27;[32mE &amp;#27;[0m&amp;#27;[32mselecionar a visibilidade do projeto&amp;#27;[0m                                                  &amp;#27;[90m# steps.subprojeto.SubProjetoStep.selecionarAVisibilidadeDoProjeto()&amp;#27;[0m
  &amp;#27;[33mE &amp;#27;[0m&amp;#27;[33mclicar no botÃ£o de salvar subprojeto&amp;#27;[0m                                                  &amp;#27;[90m# null&amp;#27;[0m
  &amp;#27;[36mEntÃ£o &amp;#27;[0m&amp;#27;[36mo sistema deve efetuar o cadastro do subprojeto com caracter especial com sucesso&amp;#27;[0m &amp;#27;[90m# steps.subprojeto.SubProjetoStep.oSistemaDeveEfetuarOCadastroDoSubprojetoComCaracterEspecialComSucesso()&amp;#27;[0m
</system-out>
    <system-err>Starting ChromeDriver 100.0.4896.60 (6a5d10861ce8de5fce22564658033b43cb7de047-refs/branch-heads/4896@{#875}) on port 58604
Only local connections are allowed.
Please see https://chromedriver.chromium.org/security-considerations for suggestions on keeping ChromeDriver safe.
ChromeDriver was started successfully.
[1652650582.945][WARNING]: This version of ChromeDriver has not been tested with Chrome version 101.
mai 15, 2022 6:36:23 PM org.openqa.selenium.remote.ProtocolHandshake createSession
INFORMAÇÕES: Detected dialect: W3C
mai 15, 2022 6:36:23 PM org.openqa.selenium.devtools.CdpVersionFinder findNearestMatch
ADVERTÊNCIA: Unable to find an exact match for CDP version 101, so returning the closest version found: 99
mai 15, 2022 6:36:23 PM org.openqa.selenium.devtools.CdpVersionFinder findNearestMatch
INFORMAÇÕES: Found CDP implementation for version 101 of 99
</system-err>
  </testcase>
  <testcase classname="Criação de subprojetos" name="Criar um subprojeto sem preencher a descrição #1" time="9.98">
    <error message="The step &quot;clicar no botão de salvar subprojeto&quot; is undefined. You can implement it using the snippet(s) below:

@Quando(&quot;clicar no botão de salvar subprojeto&quot;)
public void clicarNoBotãoDeSalvarSubprojeto() {
    // Write code here that turns the phrase above into concrete actions
    throw new io.cucumber.java.PendingException();
}
" type="io.cucumber.junit.UndefinedStepException">io.cucumber.junit.UndefinedStepException: The step &quot;clicar no botão de salvar subprojeto&quot; is undefined. You can implement it using the snippet(s) below:

@Quando(&quot;clicar no botão de salvar subprojeto&quot;)
public void clicarNoBotãoDeSalvarSubprojeto() {
    // Write code here that turns the phrase above into concrete actions
    throw new io.cucumber.java.PendingException();
}

</error>
    <system-out>
Esquema do CenÃ¡rio: Criar um subprojeto sem preencher a descriÃ§Ã£o   &amp;#27;[90m# features/subprojeto.feature:101&amp;#27;[0m
  &amp;#27;[32mDado &amp;#27;[0m&amp;#27;[32mque o usuario esteja na pagina de login do Mantis&amp;#27;[0m            &amp;#27;[90m# steps.login.LoginStep.queOUsuarioEstejaNaPaginaDeLoginDoMantis()&amp;#27;[0m
  &amp;#27;[32mE &amp;#27;[0m&amp;#27;[32mque o usuario tenha feito o login com sucesso&amp;#27;[0m                   &amp;#27;[90m# steps.subprojeto.SubProjetoStep.queOUsuarioTenhaFeitoOLoginComSucesso()&amp;#27;[0m
  &amp;#27;[32mQuando &amp;#27;[0m&amp;#27;[32mclicar no projeto desejado &amp;#27;[0m&amp;#27;[32m&amp;#27;[1m&quot;Teste projeto SQL 02&quot;&amp;#27;[0m          &amp;#27;[90m# steps.subprojeto.SubProjetoStep.clicarNoProjetoDesejado(java.lang.String)&amp;#27;[0m
  &amp;#27;[32mE &amp;#27;[0m&amp;#27;[32mclicar no botao de cadastrar subProjeto&amp;#27;[0m                         &amp;#27;[90m# steps.subprojeto.SubProjetoStep.clicarNoBotaoDeCadastrarSubProjeto()&amp;#27;[0m
  &amp;#27;[32mE &amp;#27;[0m&amp;#27;[32mpreencher o nome do subprojeto &amp;#27;[0m&amp;#27;[32m&amp;#27;[1m&quot;Subprojeto 02&quot;&amp;#27;[0m                  &amp;#27;[90m# steps.subprojeto.SubProjetoStep.preencherONomeDoSubprojeto(java.lang.String)&amp;#27;[0m
  &amp;#27;[32mE &amp;#27;[0m&amp;#27;[32mdefinir o estado do subprojeto &amp;#27;[0m&amp;#27;[32m&amp;#27;[1mdesenvolvimento&amp;#27;[0m                  &amp;#27;[90m# steps.subprojeto.SubProjetoStep.definirOEstadoDoSubprojetoEstado(java.lang.String)&amp;#27;[0m
  &amp;#27;[32mE &amp;#27;[0m&amp;#27;[32mmarcar a opcao herdar categorias globais&amp;#27;[0m                        &amp;#27;[90m# steps.subprojeto.SubProjetoStep.marcarAOpcaoHerdarCategoriasGlobais()&amp;#27;[0m
  &amp;#27;[32mE &amp;#27;[0m&amp;#27;[32mmarcar a opcao herdar categorias da tarefa pai&amp;#27;[0m                  &amp;#27;[90m# steps.subprojeto.SubProjetoStep.marcarAOpcaoHerdarCategoriasDaTarefaPai()&amp;#27;[0m
  &amp;#27;[32mE &amp;#27;[0m&amp;#27;[32mselecionar a visibilidade do projeto&amp;#27;[0m                            &amp;#27;[90m# steps.subprojeto.SubProjetoStep.selecionarAVisibilidadeDoProjeto()&amp;#27;[0m
  &amp;#27;[33mE &amp;#27;[0m&amp;#27;[33mclicar no botÃ£o de salvar subprojeto&amp;#27;[0m                            &amp;#27;[90m# null&amp;#27;[0m
  &amp;#27;[36mEntÃ£o &amp;#27;[0m&amp;#27;[36mo sistema deve efetuar o cadastro do subprojeto com sucesso&amp;#27;[0m &amp;#27;[90m# steps.subprojeto.SubProjetoStep.oSistemaDeveEfetuarOCadastroDoSubprojetoComSucesso()&amp;#27;[0m
</system-out>
    <system-err>Starting ChromeDriver 100.0.4896.60 (6a5d10861ce8de5fce22564658033b43cb7de047-refs/branch-heads/4896@{#875}) on port 55096
Only local connections are allowed.
Please see https://chromedriver.chromium.org/security-considerations for suggestions on keeping ChromeDriver safe.
ChromeDriver was started successfully.
[1652650593.061][WARNING]: This version of ChromeDriver has not been tested with Chrome version 101.
mai 15, 2022 6:36:33 PM org.openqa.selenium.remote.ProtocolHandshake createSession
INFORMAÇÕES: Detected dialect: W3C
mai 15, 2022 6:36:33 PM org.openqa.selenium.devtools.CdpVersionFinder findNearestMatch
ADVERTÊNCIA: Unable to find an exact match for CDP version 101, so returning the closest version found: 99
mai 15, 2022 6:36:33 PM org.openqa.selenium.devtools.CdpVersionFinder findNearestMatch
INFORMAÇÕES: Found CDP implementation for version 101 of 99
</system-err>
  </testcase>
  <testcase classname="Criação de subprojetos" name="Criar um subprojeto sem preencher a descrição #2" time="9.934">
    <error message="The step &quot;clicar no botão de salvar subprojeto&quot; is undefined. You can implement it using the snippet(s) below:

@Quando(&quot;clicar no botão de salvar subprojeto&quot;)
public void clicarNoBotãoDeSalvarSubprojeto() {
    // Write code here that turns the phrase above into concrete actions
    throw new io.cucumber.java.PendingException();
}
" type="io.cucumber.junit.UndefinedStepException">io.cucumber.junit.UndefinedStepException: The step &quot;clicar no botão de salvar subprojeto&quot; is undefined. You can implement it using the snippet(s) below:

@Quando(&quot;clicar no botão de salvar subprojeto&quot;)
public void clicarNoBotãoDeSalvarSubprojeto() {
    // Write code here that turns the phrase above into concrete actions
    throw new io.cucumber.java.PendingException();
}

</error>
    <system-out>
Esquema do CenÃ¡rio: Criar um subprojeto sem preencher a descriÃ§Ã£o   &amp;#27;[90m# features/subprojeto.feature:102&amp;#27;[0m
  &amp;#27;[32mDado &amp;#27;[0m&amp;#27;[32mque o usuario esteja na pagina de login do Mantis&amp;#27;[0m            &amp;#27;[90m# steps.login.LoginStep.queOUsuarioEstejaNaPaginaDeLoginDoMantis()&amp;#27;[0m
  &amp;#27;[32mE &amp;#27;[0m&amp;#27;[32mque o usuario tenha feito o login com sucesso&amp;#27;[0m                   &amp;#27;[90m# steps.subprojeto.SubProjetoStep.queOUsuarioTenhaFeitoOLoginComSucesso()&amp;#27;[0m
  &amp;#27;[32mQuando &amp;#27;[0m&amp;#27;[32mclicar no projeto desejado &amp;#27;[0m&amp;#27;[32m&amp;#27;[1m&quot;Teste projeto SQL 02&quot;&amp;#27;[0m          &amp;#27;[90m# steps.subprojeto.SubProjetoStep.clicarNoProjetoDesejado(java.lang.String)&amp;#27;[0m
  &amp;#27;[32mE &amp;#27;[0m&amp;#27;[32mclicar no botao de cadastrar subProjeto&amp;#27;[0m                         &amp;#27;[90m# steps.subprojeto.SubProjetoStep.clicarNoBotaoDeCadastrarSubProjeto()&amp;#27;[0m
  &amp;#27;[32mE &amp;#27;[0m&amp;#27;[32mpreencher o nome do subprojeto &amp;#27;[0m&amp;#27;[32m&amp;#27;[1m&quot;Subprojeto 02&quot;&amp;#27;[0m                  &amp;#27;[90m# steps.subprojeto.SubProjetoStep.preencherONomeDoSubprojeto(java.lang.String)&amp;#27;[0m
  &amp;#27;[32mE &amp;#27;[0m&amp;#27;[32mdefinir o estado do subprojeto &amp;#27;[0m&amp;#27;[32m&amp;#27;[1mrelease&amp;#27;[0m                          &amp;#27;[90m# steps.subprojeto.SubProjetoStep.definirOEstadoDoSubprojetoEstado(java.lang.String)&amp;#27;[0m
  &amp;#27;[32mE &amp;#27;[0m&amp;#27;[32mmarcar a opcao herdar categorias globais&amp;#27;[0m                        &amp;#27;[90m# steps.subprojeto.SubProjetoStep.marcarAOpcaoHerdarCategoriasGlobais()&amp;#27;[0m
  &amp;#27;[32mE &amp;#27;[0m&amp;#27;[32mmarcar a opcao herdar categorias da tarefa pai&amp;#27;[0m                  &amp;#27;[90m# steps.subprojeto.SubProjetoStep.marcarAOpcaoHerdarCategoriasDaTarefaPai()&amp;#27;[0m
  &amp;#27;[32mE &amp;#27;[0m&amp;#27;[32mselecionar a visibilidade do projeto&amp;#27;[0m                            &amp;#27;[90m# steps.subprojeto.SubProjetoStep.selecionarAVisibilidadeDoProjeto()&amp;#27;[0m
  &amp;#27;[33mE &amp;#27;[0m&amp;#27;[33mclicar no botÃ£o de salvar subprojeto&amp;#27;[0m                            &amp;#27;[90m# null&amp;#27;[0m
  &amp;#27;[36mEntÃ£o &amp;#27;[0m&amp;#27;[36mo sistema deve efetuar o cadastro do subprojeto com sucesso&amp;#27;[0m &amp;#27;[90m# steps.subprojeto.SubProjetoStep.oSistemaDeveEfetuarOCadastroDoSubprojetoComSucesso()&amp;#27;[0m
</system-out>
    <system-err>Starting ChromeDriver 100.0.4896.60 (6a5d10861ce8de5fce22564658033b43cb7de047-refs/branch-heads/4896@{#875}) on port 65271
Only local connections are allowed.
Please see https://chromedriver.chromium.org/security-considerations for suggestions on keeping ChromeDriver safe.
ChromeDriver was started successfully.
[1652650603.029][WARNING]: This version of ChromeDriver has not been tested with Chrome version 101.
mai 15, 2022 6:36:43 PM org.openqa.selenium.remote.ProtocolHandshake createSession
INFORMAÇÕES: Detected dialect: W3C
mai 15, 2022 6:36:43 PM org.openqa.selenium.devtools.CdpVersionFinder findNearestMatch
ADVERTÊNCIA: Unable to find an exact match for CDP version 101, so returning the closest version found: 99
mai 15, 2022 6:36:43 PM org.openqa.selenium.devtools.CdpVersionFinder findNearestMatch
INFORMAÇÕES: Found CDP implementation for version 101 of 99
</system-err>
  </testcase>
  <testcase classname="Criação de subprojetos" name="Criar um subprojeto sem preencher a descrição #3" time="10.191">
    <error message="The step &quot;clicar no botão de salvar subprojeto&quot; is undefined. You can implement it using the snippet(s) below:

@Quando(&quot;clicar no botão de salvar subprojeto&quot;)
public void clicarNoBotãoDeSalvarSubprojeto() {
    // Write code here that turns the phrase above into concrete actions
    throw new io.cucumber.java.PendingException();
}
" type="io.cucumber.junit.UndefinedStepException">io.cucumber.junit.UndefinedStepException: The step &quot;clicar no botão de salvar subprojeto&quot; is undefined. You can implement it using the snippet(s) below:

@Quando(&quot;clicar no botão de salvar subprojeto&quot;)
public void clicarNoBotãoDeSalvarSubprojeto() {
    // Write code here that turns the phrase above into concrete actions
    throw new io.cucumber.java.PendingException();
}

</error>
    <system-out>
Esquema do CenÃ¡rio: Criar um subprojeto sem preencher a descriÃ§Ã£o   &amp;#27;[90m# features/subprojeto.feature:103&amp;#27;[0m
  &amp;#27;[32mDado &amp;#27;[0m&amp;#27;[32mque o usuario esteja na pagina de login do Mantis&amp;#27;[0m            &amp;#27;[90m# steps.login.LoginStep.queOUsuarioEstejaNaPaginaDeLoginDoMantis()&amp;#27;[0m
  &amp;#27;[32mE &amp;#27;[0m&amp;#27;[32mque o usuario tenha feito o login com sucesso&amp;#27;[0m                   &amp;#27;[90m# steps.subprojeto.SubProjetoStep.queOUsuarioTenhaFeitoOLoginComSucesso()&amp;#27;[0m
  &amp;#27;[32mQuando &amp;#27;[0m&amp;#27;[32mclicar no projeto desejado &amp;#27;[0m&amp;#27;[32m&amp;#27;[1m&quot;Teste projeto SQL 02&quot;&amp;#27;[0m          &amp;#27;[90m# steps.subprojeto.SubProjetoStep.clicarNoProjetoDesejado(java.lang.String)&amp;#27;[0m
  &amp;#27;[32mE &amp;#27;[0m&amp;#27;[32mclicar no botao de cadastrar subProjeto&amp;#27;[0m                         &amp;#27;[90m# steps.subprojeto.SubProjetoStep.clicarNoBotaoDeCadastrarSubProjeto()&amp;#27;[0m
  &amp;#27;[32mE &amp;#27;[0m&amp;#27;[32mpreencher o nome do subprojeto &amp;#27;[0m&amp;#27;[32m&amp;#27;[1m&quot;Subprojeto 02&quot;&amp;#27;[0m                  &amp;#27;[90m# steps.subprojeto.SubProjetoStep.preencherONomeDoSubprojeto(java.lang.String)&amp;#27;[0m
  &amp;#27;[32mE &amp;#27;[0m&amp;#27;[32mdefinir o estado do subprojeto &amp;#27;[0m&amp;#27;[32m&amp;#27;[1mobsoleto&amp;#27;[0m                         &amp;#27;[90m# steps.subprojeto.SubProjetoStep.definirOEstadoDoSubprojetoEstado(java.lang.String)&amp;#27;[0m
  &amp;#27;[32mE &amp;#27;[0m&amp;#27;[32mmarcar a opcao herdar categorias globais&amp;#27;[0m                        &amp;#27;[90m# steps.subprojeto.SubProjetoStep.marcarAOpcaoHerdarCategoriasGlobais()&amp;#27;[0m
  &amp;#27;[32mE &amp;#27;[0m&amp;#27;[32mmarcar a opcao herdar categorias da tarefa pai&amp;#27;[0m                  &amp;#27;[90m# steps.subprojeto.SubProjetoStep.marcarAOpcaoHerdarCategoriasDaTarefaPai()&amp;#27;[0m
  &amp;#27;[32mE &amp;#27;[0m&amp;#27;[32mselecionar a visibilidade do projeto&amp;#27;[0m                            &amp;#27;[90m# steps.subprojeto.SubProjetoStep.selecionarAVisibilidadeDoProjeto()&amp;#27;[0m
  &amp;#27;[33mE &amp;#27;[0m&amp;#27;[33mclicar no botÃ£o de salvar subprojeto&amp;#27;[0m                            &amp;#27;[90m# null&amp;#27;[0m
  &amp;#27;[36mEntÃ£o &amp;#27;[0m&amp;#27;[36mo sistema deve efetuar o cadastro do subprojeto com sucesso&amp;#27;[0m &amp;#27;[90m# steps.subprojeto.SubProjetoStep.oSistemaDeveEfetuarOCadastroDoSubprojetoComSucesso()&amp;#27;[0m
</system-out>
    <system-err>Starting ChromeDriver 100.0.4896.60 (6a5d10861ce8de5fce22564658033b43cb7de047-refs/branch-heads/4896@{#875}) on port 53915
Only local connections are allowed.
Please see https://chromedriver.chromium.org/security-considerations for suggestions on keeping ChromeDriver safe.
ChromeDriver was started successfully.
[1652650612.887][WARNING]: This version of ChromeDriver has not been tested with Chrome version 101.
mai 15, 2022 6:36:53 PM org.openqa.selenium.remote.ProtocolHandshake createSession
INFORMAÇÕES: Detected dialect: W3C
mai 15, 2022 6:36:53 PM org.openqa.selenium.devtools.CdpVersionFinder findNearestMatch
ADVERTÊNCIA: Unable to find an exact match for CDP version 101, so returning the closest version found: 99
mai 15, 2022 6:36:53 PM org.openqa.selenium.devtools.CdpVersionFinder findNearestMatch
INFORMAÇÕES: Found CDP implementation for version 101 of 99
</system-err>
  </testcase>
  <testcase classname="Criação de subprojetos" name="Editar nome do subprojeto com sucesso #1" time="10.231">
    <error message="The step &quot;clicar no botão de salvar subprojeto&quot; is undefined. You can implement it using the snippet(s) below:

@Quando(&quot;clicar no botão de salvar subprojeto&quot;)
public void clicarNoBotãoDeSalvarSubprojeto() {
    // Write code here that turns the phrase above into concrete actions
    throw new io.cucumber.java.PendingException();
}
" type="io.cucumber.junit.UndefinedStepException">io.cucumber.junit.UndefinedStepException: The step &quot;clicar no botão de salvar subprojeto&quot; is undefined. You can implement it using the snippet(s) below:

@Quando(&quot;clicar no botão de salvar subprojeto&quot;)
public void clicarNoBotãoDeSalvarSubprojeto() {
    // Write code here that turns the phrase above into concrete actions
    throw new io.cucumber.java.PendingException();
}

</error>
    <system-out>
Esquema do CenÃ¡rio: Editar nome do subprojeto com sucesso                   &amp;#27;[90m# features/subprojeto.feature:122&amp;#27;[0m
  &amp;#27;[32mDado &amp;#27;[0m&amp;#27;[32mque o usuario esteja na pagina de login do Mantis&amp;#27;[0m                    &amp;#27;[90m# steps.login.LoginStep.queOUsuarioEstejaNaPaginaDeLoginDoMantis()&amp;#27;[0m
  &amp;#27;[32mE &amp;#27;[0m&amp;#27;[32mque o usuario tenha feito o login com sucesso&amp;#27;[0m                           &amp;#27;[90m# steps.subprojeto.SubProjetoStep.queOUsuarioTenhaFeitoOLoginComSucesso()&amp;#27;[0m
  &amp;#27;[32mQuando &amp;#27;[0m&amp;#27;[32mclicar no projeto desejado &amp;#27;[0m&amp;#27;[32m&amp;#27;[1m&quot;Teste projeto SQL 02&quot;&amp;#27;[0m                  &amp;#27;[90m# steps.subprojeto.SubProjetoStep.clicarNoProjetoDesejado(java.lang.String)&amp;#27;[0m
  &amp;#27;[32mE &amp;#27;[0m&amp;#27;[32mclicar no botao de cadastrar subProjeto&amp;#27;[0m                                 &amp;#27;[90m# steps.subprojeto.SubProjetoStep.clicarNoBotaoDeCadastrarSubProjeto()&amp;#27;[0m
  &amp;#27;[32mE &amp;#27;[0m&amp;#27;[32mpreencher o nome do subprojeto &amp;#27;[0m&amp;#27;[32m&amp;#27;[1m&quot;Subprojeto 02&quot;&amp;#27;[0m                          &amp;#27;[90m# steps.subprojeto.SubProjetoStep.preencherONomeDoSubprojeto(java.lang.String)&amp;#27;[0m
  &amp;#27;[32mE &amp;#27;[0m&amp;#27;[32mdefinir o estado do subprojeto &amp;#27;[0m&amp;#27;[32m&amp;#27;[1mdesenvolvimento&amp;#27;[0m                          &amp;#27;[90m# steps.subprojeto.SubProjetoStep.definirOEstadoDoSubprojetoEstado(java.lang.String)&amp;#27;[0m
  &amp;#27;[32mE &amp;#27;[0m&amp;#27;[32mmarcar a opcao herdar categorias globais&amp;#27;[0m                                &amp;#27;[90m# steps.subprojeto.SubProjetoStep.marcarAOpcaoHerdarCategoriasGlobais()&amp;#27;[0m
  &amp;#27;[32mE &amp;#27;[0m&amp;#27;[32mmarcar a opcao herdar categorias da tarefa pai&amp;#27;[0m                          &amp;#27;[90m# steps.subprojeto.SubProjetoStep.marcarAOpcaoHerdarCategoriasDaTarefaPai()&amp;#27;[0m
  &amp;#27;[32mE &amp;#27;[0m&amp;#27;[32mselecionar a visibilidade do projeto&amp;#27;[0m                                    &amp;#27;[90m# steps.subprojeto.SubProjetoStep.selecionarAVisibilidadeDoProjeto()&amp;#27;[0m
  &amp;#27;[32mE &amp;#27;[0m&amp;#27;[32mpreencher a descricao do subprojeto &amp;#27;[0m&amp;#27;[32m&amp;#27;[1m&quot;SubProjeto criado como teste&quot;&amp;#27;[0m      &amp;#27;[90m# steps.subprojeto.SubProjetoStep.preencherADescricaoDoSubprojeto(java.lang.String)&amp;#27;[0m
  &amp;#27;[33mE &amp;#27;[0m&amp;#27;[33mclicar no botÃ£o de salvar subprojeto&amp;#27;[0m                                    &amp;#27;[90m# null&amp;#27;[0m
  &amp;#27;[36mE &amp;#27;[0m&amp;#27;[36mclicar no subprojeto desejado &amp;#27;[0m&amp;#27;[36m&amp;#27;[1m&quot;Subprojeto 02&quot;&amp;#27;[0m&amp;#27;[36m novamente&amp;#27;[0m                 &amp;#27;[90m# steps.subprojeto.SubProjetoStep.clicarNoSubprojetoDesejadoNovamente(java.lang.String)&amp;#27;[0m
  &amp;#27;[36mE &amp;#27;[0m&amp;#27;[36mpreencher o nome do subprojeto &amp;#27;[0m&amp;#27;[36m&amp;#27;[1m&quot;Subprojeto 02 editado&quot;&amp;#27;[0m                  &amp;#27;[90m# steps.subprojeto.SubProjetoStep.preencherONomeDoSubprojeto(java.lang.String)&amp;#27;[0m
  &amp;#27;[36mE &amp;#27;[0m&amp;#27;[36mclicar no botÃ£o de salvar subprojeto&amp;#27;[0m                                    &amp;#27;[90m# null&amp;#27;[0m
  &amp;#27;[36mEntÃ£o &amp;#27;[0m&amp;#27;[36mo sistema deve efetuar o cadastro do subprojeto editado com sucesso&amp;#27;[0m &amp;#27;[90m# steps.subprojeto.SubProjetoStep.oSistemaDeveEfetuarOCadastroDoSubprojetoEditadoComSucesso()&amp;#27;[0m
</system-out>
    <system-err>Starting ChromeDriver 100.0.4896.60 (6a5d10861ce8de5fce22564658033b43cb7de047-refs/branch-heads/4896@{#875}) on port 65417
Only local connections are allowed.
Please see https://chromedriver.chromium.org/security-considerations for suggestions on keeping ChromeDriver safe.
ChromeDriver was started successfully.
[1652650623.229][WARNING]: This version of ChromeDriver has not been tested with Chrome version 101.
mai 15, 2022 6:37:03 PM org.openqa.selenium.remote.ProtocolHandshake createSession
INFORMAÇÕES: Detected dialect: W3C
mai 15, 2022 6:37:03 PM org.openqa.selenium.devtools.CdpVersionFinder findNearestMatch
ADVERTÊNCIA: Unable to find an exact match for CDP version 101, so returning the closest version found: 99
mai 15, 2022 6:37:03 PM org.openqa.selenium.devtools.CdpVersionFinder findNearestMatch
INFORMAÇÕES: Found CDP implementation for version 101 of 99
</system-err>
  </testcase>
  <testcase classname="Criação de subprojetos" name="Editar nome do subprojeto com sucesso #2" time="10.363">
    <error message="The step &quot;clicar no botão de salvar subprojeto&quot; is undefined. You can implement it using the snippet(s) below:

@Quando(&quot;clicar no botão de salvar subprojeto&quot;)
public void clicarNoBotãoDeSalvarSubprojeto() {
    // Write code here that turns the phrase above into concrete actions
    throw new io.cucumber.java.PendingException();
}
" type="io.cucumber.junit.UndefinedStepException">io.cucumber.junit.UndefinedStepException: The step &quot;clicar no botão de salvar subprojeto&quot; is undefined. You can implement it using the snippet(s) below:

@Quando(&quot;clicar no botão de salvar subprojeto&quot;)
public void clicarNoBotãoDeSalvarSubprojeto() {
    // Write code here that turns the phrase above into concrete actions
    throw new io.cucumber.java.PendingException();
}

</error>
    <system-out>
Esquema do CenÃ¡rio: Editar nome do subprojeto com sucesso                   &amp;#27;[90m# features/subprojeto.feature:123&amp;#27;[0m
  &amp;#27;[32mDado &amp;#27;[0m&amp;#27;[32mque o usuario esteja na pagina de login do Mantis&amp;#27;[0m                    &amp;#27;[90m# steps.login.LoginStep.queOUsuarioEstejaNaPaginaDeLoginDoMantis()&amp;#27;[0m
  &amp;#27;[32mE &amp;#27;[0m&amp;#27;[32mque o usuario tenha feito o login com sucesso&amp;#27;[0m                           &amp;#27;[90m# steps.subprojeto.SubProjetoStep.queOUsuarioTenhaFeitoOLoginComSucesso()&amp;#27;[0m
  &amp;#27;[32mQuando &amp;#27;[0m&amp;#27;[32mclicar no projeto desejado &amp;#27;[0m&amp;#27;[32m&amp;#27;[1m&quot;Teste projeto SQL 02&quot;&amp;#27;[0m                  &amp;#27;[90m# steps.subprojeto.SubProjetoStep.clicarNoProjetoDesejado(java.lang.String)&amp;#27;[0m
  &amp;#27;[32mE &amp;#27;[0m&amp;#27;[32mclicar no botao de cadastrar subProjeto&amp;#27;[0m                                 &amp;#27;[90m# steps.subprojeto.SubProjetoStep.clicarNoBotaoDeCadastrarSubProjeto()&amp;#27;[0m
  &amp;#27;[32mE &amp;#27;[0m&amp;#27;[32mpreencher o nome do subprojeto &amp;#27;[0m&amp;#27;[32m&amp;#27;[1m&quot;Subprojeto 02&quot;&amp;#27;[0m                          &amp;#27;[90m# steps.subprojeto.SubProjetoStep.preencherONomeDoSubprojeto(java.lang.String)&amp;#27;[0m
  &amp;#27;[32mE &amp;#27;[0m&amp;#27;[32mdefinir o estado do subprojeto &amp;#27;[0m&amp;#27;[32m&amp;#27;[1mrelease&amp;#27;[0m                                  &amp;#27;[90m# steps.subprojeto.SubProjetoStep.definirOEstadoDoSubprojetoEstado(java.lang.String)&amp;#27;[0m
  &amp;#27;[32mE &amp;#27;[0m&amp;#27;[32mmarcar a opcao herdar categorias globais&amp;#27;[0m                                &amp;#27;[90m# steps.subprojeto.SubProjetoStep.marcarAOpcaoHerdarCategoriasGlobais()&amp;#27;[0m
  &amp;#27;[32mE &amp;#27;[0m&amp;#27;[32mmarcar a opcao herdar categorias da tarefa pai&amp;#27;[0m                          &amp;#27;[90m# steps.subprojeto.SubProjetoStep.marcarAOpcaoHerdarCategoriasDaTarefaPai()&amp;#27;[0m
  &amp;#27;[32mE &amp;#27;[0m&amp;#27;[32mselecionar a visibilidade do projeto&amp;#27;[0m                                    &amp;#27;[90m# steps.subprojeto.SubProjetoStep.selecionarAVisibilidadeDoProjeto()&amp;#27;[0m
  &amp;#27;[32mE &amp;#27;[0m&amp;#27;[32mpreencher a descricao do subprojeto &amp;#27;[0m&amp;#27;[32m&amp;#27;[1m&quot;SubProjeto criado como teste&quot;&amp;#27;[0m      &amp;#27;[90m# steps.subprojeto.SubProjetoStep.preencherADescricaoDoSubprojeto(java.lang.String)&amp;#27;[0m
  &amp;#27;[33mE &amp;#27;[0m&amp;#27;[33mclicar no botÃ£o de salvar subprojeto&amp;#27;[0m                                    &amp;#27;[90m# null&amp;#27;[0m
  &amp;#27;[36mE &amp;#27;[0m&amp;#27;[36mclicar no subprojeto desejado &amp;#27;[0m&amp;#27;[36m&amp;#27;[1m&quot;Subprojeto 02&quot;&amp;#27;[0m&amp;#27;[36m novamente&amp;#27;[0m                 &amp;#27;[90m# steps.subprojeto.SubProjetoStep.clicarNoSubprojetoDesejadoNovamente(java.lang.String)&amp;#27;[0m
  &amp;#27;[36mE &amp;#27;[0m&amp;#27;[36mpreencher o nome do subprojeto &amp;#27;[0m&amp;#27;[36m&amp;#27;[1m&quot;Subprojeto 02 editado&quot;&amp;#27;[0m                  &amp;#27;[90m# steps.subprojeto.SubProjetoStep.preencherONomeDoSubprojeto(java.lang.String)&amp;#27;[0m
  &amp;#27;[36mE &amp;#27;[0m&amp;#27;[36mclicar no botÃ£o de salvar subprojeto&amp;#27;[0m                                    &amp;#27;[90m# null&amp;#27;[0m
  &amp;#27;[36mEntÃ£o &amp;#27;[0m&amp;#27;[36mo sistema deve efetuar o cadastro do subprojeto editado com sucesso&amp;#27;[0m &amp;#27;[90m# steps.subprojeto.SubProjetoStep.oSistemaDeveEfetuarOCadastroDoSubprojetoEditadoComSucesso()&amp;#27;[0m
</system-out>
    <system-err>Starting ChromeDriver 100.0.4896.60 (6a5d10861ce8de5fce22564658033b43cb7de047-refs/branch-heads/4896@{#875}) on port 64453
Only local connections are allowed.
[...]
    // Write code here that turns the phrase above into concrete actions
    throw new io.cucumber.java.PendingException();
}
" type="io.cucumber.junit.UndefinedStepException">io.cucumber.junit.UndefinedStepException: The step &quot;clicar no botão de salvar subprojeto&quot; is undefined. You can implement it using the snippet(s) below:

@Quando(&quot;clicar no botão de salvar subprojeto&quot;)
public void clicarNoBotãoDeSalvarSubprojeto() {
    // Write code here that turns the phrase above into concrete actions
    throw new io.cucumber.java.PendingException();
}

</error>
    <system-out>
CenÃ¡rio: Editar um subprojeto com o nome vazio                  &amp;#27;[90m# features/subprojeto.feature:210&amp;#27;[0m
  &amp;#27;[32mDado &amp;#27;[0m&amp;#27;[32mque o usuario esteja na pagina de login do Mantis&amp;#27;[0m        &amp;#27;[90m# steps.login.LoginStep.queOUsuarioEstejaNaPaginaDeLoginDoMantis()&amp;#27;[0m
  &amp;#27;[32mE &amp;#27;[0m&amp;#27;[32mque o usuario tenha feito o login com sucesso&amp;#27;[0m               &amp;#27;[90m# steps.subprojeto.SubProjetoStep.queOUsuarioTenhaFeitoOLoginComSucesso()&amp;#27;[0m
  &amp;#27;[32mQuando &amp;#27;[0m&amp;#27;[32mclicar no projeto desejado &amp;#27;[0m&amp;#27;[32m&amp;#27;[1m&quot;Teste projeto SQL 02&quot;&amp;#27;[0m      &amp;#27;[90m# steps.subprojeto.SubProjetoStep.clicarNoProjetoDesejado(java.lang.String)&amp;#27;[0m
  &amp;#27;[32mE &amp;#27;[0m&amp;#27;[32mclicar no botao de cadastrar subProjeto&amp;#27;[0m                     &amp;#27;[90m# steps.subprojeto.SubProjetoStep.clicarNoBotaoDeCadastrarSubProjeto()&amp;#27;[0m
  &amp;#27;[32mE &amp;#27;[0m&amp;#27;[32mpreencher o nome do subprojeto &amp;#27;[0m&amp;#27;[32m&amp;#27;[1m&quot;Subprojeto 02&quot;&amp;#27;[0m              &amp;#27;[90m# steps.subprojeto.SubProjetoStep.preencherONomeDoSubprojeto(java.lang.String)&amp;#27;[0m
  &amp;#27;[33mE &amp;#27;[0m&amp;#27;[33mclicar no botÃ£o de salvar subprojeto&amp;#27;[0m                        &amp;#27;[90m# null&amp;#27;[0m
  &amp;#27;[36mE &amp;#27;[0m&amp;#27;[36mclicar no projeto desejado &amp;#27;[0m&amp;#27;[36m&amp;#27;[1m&quot;Teste projeto SQL 02&quot;&amp;#27;[0m&amp;#27;[36m novamente&amp;#27;[0m &amp;#27;[90m# steps.subprojeto.SubProjetoStep.clicarNoProjetoDesejadoNovamente(java.lang.String)&amp;#27;[0m
  &amp;#27;[36mE &amp;#27;[0m&amp;#27;[36mclicar no botao de cadastrar subProjeto&amp;#27;[0m                     &amp;#27;[90m# steps.subprojeto.SubProjetoStep.clicarNoBotaoDeCadastrarSubProjeto()&amp;#27;[0m
  &amp;#27;[36mE &amp;#27;[0m&amp;#27;[36mpreencher o nome do subprojeto &amp;#27;[0m&amp;#27;[36m&amp;#27;[1m&quot;&quot;&amp;#27;[0m                           &amp;#27;[90m# steps.subprojeto.SubProjetoStep.preencherONomeDoSubprojeto(java.lang.String)&amp;#27;[0m
  &amp;#27;[36mE &amp;#27;[0m&amp;#27;[36mclicar no botÃ£o de salvar subprojeto&amp;#27;[0m                        &amp;#27;[90m# null&amp;#27;[0m
  &amp;#27;[36mEntÃ£o &amp;#27;[0m&amp;#27;[36mo sistema deve permanecer na mesma tela de cadastro&amp;#27;[0m     &amp;#27;[90m# steps.subprojeto.SubProjetoStep.oSistemaDevePermanecerNaMesmaTelaDeCadastro()&amp;#27;[0m
</system-out>
    <system-err>Starting ChromeDriver 100.0.4896.60 (6a5d10861ce8de5fce22564658033b43cb7de047-refs/branch-heads/4896@{#875}) on port 56947
Only local connections are allowed.
Please see https://chromedriver.chromium.org/security-considerations for suggestions on keeping ChromeDriver safe.
ChromeDriver was started successfully.
[1652650781.344][WARNING]: This version of ChromeDriver has not been tested with Chrome version 101.
mai 15, 2022 6:39:41 PM org.openqa.selenium.remote.ProtocolHandshake createSession
INFORMAÇÕES: Detected dialect: W3C
mai 15, 2022 6:39:41 PM org.openqa.selenium.devtools.CdpVersionFinder findNearestMatch
ADVERTÊNCIA: Unable to find an exact match for CDP version 101, so returning the closest version found: 99
mai 15, 2022 6:39:41 PM org.openqa.selenium.devtools.CdpVersionFinder findNearestMatch
INFORMAÇÕES: Found CDP implementation for version 101 of 99
</system-err>
  </testcase>
  <testcase classname="Criação de subprojetos" name="Excluir subprojeto com sucesso #1" time="10.462">
    <error message="The step &quot;clicar no botão de salvar subprojeto&quot; is undefined. You can implement it using the snippet(s) below:

@Quando(&quot;clicar no botão de salvar subprojeto&quot;)
public void clicarNoBotãoDeSalvarSubprojeto() {
    // Write code here that turns the phrase above into concrete actions
    throw new io.cucumber.java.PendingException();
}
" type="io.cucumber.junit.UndefinedStepException">io.cucumber.junit.UndefinedStepException: The step &quot;clicar no botão de salvar subprojeto&quot; is undefined. You can implement it using the snippet(s) below:

@Quando(&quot;clicar no botão de salvar subprojeto&quot;)
public void clicarNoBotãoDeSalvarSubprojeto() {
    // Write code here that turns the phrase above into concrete actions
    throw new io.cucumber.java.PendingException();
}

</error>
    <system-out>
Esquema do CenÃ¡rio: Excluir subprojeto com sucesso                     &amp;#27;[90m# features/subprojeto.feature:237&amp;#27;[0m
  &amp;#27;[32mDado &amp;#27;[0m&amp;#27;[32mque o usuario esteja na pagina de login do Mantis&amp;#27;[0m               &amp;#27;[90m# steps.login.LoginStep.queOUsuarioEstejaNaPaginaDeLoginDoMantis()&amp;#27;[0m
  &amp;#27;[32mE &amp;#27;[0m&amp;#27;[32mque o usuario tenha feito o login com sucesso&amp;#27;[0m                      &amp;#27;[90m# steps.subprojeto.SubProjetoStep.queOUsuarioTenhaFeitoOLoginComSucesso()&amp;#27;[0m
  &amp;#27;[32mQuando &amp;#27;[0m&amp;#27;[32mclicar no projeto desejado &amp;#27;[0m&amp;#27;[32m&amp;#27;[1m&quot;Teste projeto SQL 02&quot;&amp;#27;[0m             &amp;#27;[90m# steps.subprojeto.SubProjetoStep.clicarNoProjetoDesejado(java.lang.String)&amp;#27;[0m
  &amp;#27;[32mE &amp;#27;[0m&amp;#27;[32mclicar no botao de cadastrar subProjeto&amp;#27;[0m                            &amp;#27;[90m# steps.subprojeto.SubProjetoStep.clicarNoBotaoDeCadastrarSubProjeto()&amp;#27;[0m
  &amp;#27;[32mE &amp;#27;[0m&amp;#27;[32mpreencher o nome do subprojeto &amp;#27;[0m&amp;#27;[32m&amp;#27;[1m&quot;Subprojeto 02&quot;&amp;#27;[0m                     &amp;#27;[90m# steps.subprojeto.SubProjetoStep.preencherONomeDoSubprojeto(java.lang.String)&amp;#27;[0m
  &amp;#27;[32mE &amp;#27;[0m&amp;#27;[32mdefinir o estado do subprojeto &amp;#27;[0m&amp;#27;[32m&amp;#27;[1mdesenvolvimento&amp;#27;[0m                     &amp;#27;[90m# steps.subprojeto.SubProjetoStep.definirOEstadoDoSubprojetoEstado(java.lang.String)&amp;#27;[0m
  &amp;#27;[32mE &amp;#27;[0m&amp;#27;[32mmarcar a opcao herdar categorias globais&amp;#27;[0m                           &amp;#27;[90m# steps.subprojeto.SubProjetoStep.marcarAOpcaoHerdarCategoriasGlobais()&amp;#27;[0m
  &amp;#27;[32mE &amp;#27;[0m&amp;#27;[32mmarcar a opcao herdar categorias da tarefa pai&amp;#27;[0m                     &amp;#27;[90m# steps.subprojeto.SubProjetoStep.marcarAOpcaoHerdarCategoriasDaTarefaPai()&amp;#27;[0m
  &amp;#27;[32mE &amp;#27;[0m&amp;#27;[32mselecionar a visibilidade do projeto&amp;#27;[0m                               &amp;#27;[90m# steps.subprojeto.SubProjetoStep.selecionarAVisibilidadeDoProjeto()&amp;#27;[0m
  &amp;#27;[32mE &amp;#27;[0m&amp;#27;[32mpreencher a descricao do subprojeto &amp;#27;[0m&amp;#27;[32m&amp;#27;[1m&quot;SubProjeto criado como teste&quot;&amp;#27;[0m &amp;#27;[90m# steps.subprojeto.SubProjetoStep.preencherADescricaoDoSubprojeto(java.lang.String)&amp;#27;[0m
  &amp;#27;[33mE &amp;#27;[0m&amp;#27;[33mclicar no botÃ£o de salvar subprojeto&amp;#27;[0m                               &amp;#27;[90m# null&amp;#27;[0m
  &amp;#27;[36mE &amp;#27;[0m&amp;#27;[36mclicar no subprojeto desejado &amp;#27;[0m&amp;#27;[36m&amp;#27;[1m&quot;Subprojeto 02&quot;&amp;#27;[0m&amp;#27;[36m novamente&amp;#27;[0m            &amp;#27;[90m# steps.subprojeto.SubProjetoStep.clicarNoSubprojetoDesejadoNovamente(java.lang.String)&amp;#27;[0m
  &amp;#27;[36mE &amp;#27;[0m&amp;#27;[36mclicar no botao apagar projeto&amp;#27;[0m                                     &amp;#27;[90m# steps.subprojeto.SubProjetoStep.clicarNoBotaoApagarProjeto()&amp;#27;[0m
  &amp;#27;[36mEntÃ£o &amp;#27;[0m&amp;#27;[36mo sistema deve excluir com sucesso&amp;#27;[0m                             &amp;#27;[90m# steps.subprojeto.SubProjetoStep.oSistemaDeveExcluirComSucesso()&amp;#27;[0m
</system-out>
    <system-err>Starting ChromeDriver 100.0.4896.60 (6a5d10861ce8de5fce22564658033b43cb7de047-refs/branch-heads/4896@{#875}) on port 56920
Only local connections are allowed.
Please see https://chromedriver.chromium.org/security-considerations for suggestions on keeping ChromeDriver safe.
ChromeDriver was started successfully.
[1652650790.981][WARNING]: This version of ChromeDriver has not been tested with Chrome version 101.
mai 15, 2022 6:39:51 PM org.openqa.selenium.remote.ProtocolHandshake createSession
INFORMAÇÕES: Detected dialect: W3C
mai 15, 2022 6:39:51 PM org.openqa.selenium.devtools.CdpVersionFinder findNearestMatch
ADVERTÊNCIA: Unable to find an exact match for CDP version 101, so returning the closest version found: 99
mai 15, 2022 6:39:51 PM org.openqa.selenium.devtools.CdpVersionFinder findNearestMatch
INFORMAÇÕES: Found CDP implementation for version 101 of 99
</system-err>
  </testcase>
  <testcase classname="Criação de subprojetos" name="Excluir subprojeto com sucesso #2" time="10.044">
    <error message="The step &quot;clicar no botão de salvar subprojeto&quot; is undefined. You can implement it using the snippet(s) below:

@Quando(&quot;clicar no botão de salvar subprojeto&quot;)
public void clicarNoBotãoDeSalvarSubprojeto() {
    // Write code here that turns the phrase above into concrete actions
    throw new io.cucumber.java.PendingException();
}
" type="io.cucumber.junit.UndefinedStepException">io.cucumber.junit.UndefinedStepException: The step &quot;clicar no botão de salvar subprojeto&quot; is undefined. You can implement it using the snippet(s) below:

@Quando(&quot;clicar no botão de salvar subprojeto&quot;)
public void clicarNoBotãoDeSalvarSubprojeto() {
    // Write code here that turns the phrase above into concrete actions
    throw new io.cucumber.java.PendingException();
}

</error>
    <system-out>
Esquema do CenÃ¡rio: Excluir subprojeto com sucesso                     &amp;#27;[90m# features/subprojeto.feature:238&amp;#27;[0m
  &amp;#27;[32mDado &amp;#27;[0m&amp;#27;[32mque o usuario esteja na pagina de login do Mantis&amp;#27;[0m               &amp;#27;[90m# steps.login.LoginStep.queOUsuarioEstejaNaPaginaDeLoginDoMantis()&amp;#27;[0m
  &amp;#27;[32mE &amp;#27;[0m&amp;#27;[32mque o usuario tenha feito o login com sucesso&amp;#27;[0m                      &amp;#27;[90m# steps.subprojeto.SubProjetoStep.queOUsuarioTenhaFeitoOLoginComSucesso()&amp;#27;[0m
  &amp;#27;[32mQuando &amp;#27;[0m&amp;#27;[32mclicar no projeto desejado &amp;#27;[0m&amp;#27;[32m&amp;#27;[1m&quot;Teste projeto SQL 02&quot;&amp;#27;[0m             &amp;#27;[90m# steps.subprojeto.SubProjetoStep.clicarNoProjetoDesejado(java.lang.String)&amp;#27;[0m
  &amp;#27;[32mE &amp;#27;[0m&amp;#27;[32mclicar no botao de cadastrar subProjeto&amp;#27;[0m                            &amp;#27;[90m# steps.subprojeto.SubProjetoStep.clicarNoBotaoDeCadastrarSubProjeto()&amp;#27;[0m
  &amp;#27;[32mE &amp;#27;[0m&amp;#27;[32mpreencher o nome do subprojeto &amp;#27;[0m&amp;#27;[32m&amp;#27;[1m&quot;Subprojeto 02&quot;&amp;#27;[0m                     &amp;#27;[90m# steps.subprojeto.SubProjetoStep.preencherONomeDoSubprojeto(java.lang.String)&amp;#27;[0m
  &amp;#27;[32mE &amp;#27;[0m&amp;#27;[32mdefinir o estado do subprojeto &amp;#27;[0m&amp;#27;[32m&amp;#27;[1mrelease&amp;#27;[0m                             &amp;#27;[90m# steps.subprojeto.SubProjetoStep.definirOEstadoDoSubprojetoEstado(java.lang.String)&amp;#27;[0m
  &amp;#27;[32mE &amp;#27;[0m&amp;#27;[32mmarcar a opcao herdar categorias globais&amp;#27;[0m                           &amp;#27;[90m# steps.subprojeto.SubProjetoStep.marcarAOpcaoHerdarCategoriasGlobais()&amp;#27;[0m
  &amp;#27;[32mE &amp;#27;[0m&amp;#27;[32mmarcar a opcao herdar categorias da tarefa pai&amp;#27;[0m                     &amp;#27;[90m# steps.subprojeto.SubProjetoStep.marcarAOpcaoHerdarCategoriasDaTarefaPai()&amp;#27;[0m
  &amp;#27;[32mE &amp;#27;[0m&amp;#27;[32mselecionar a visibilidade do projeto&amp;#27;[0m                               &amp;#27;[90m# steps.subprojeto.SubProjetoStep.selecionarAVisibilidadeDoProjeto()&amp;#27;[0m
  &amp;#27;[32mE &amp;#27;[0m&amp;#27;[32mpreencher a descricao do subprojeto &amp;#27;[0m&amp;#27;[32m&amp;#27;[1m&quot;SubProjeto criado como teste&quot;&amp;#27;[0m &amp;#27;[90m# steps.subprojeto.SubProjetoStep.preencherADescricaoDoSubprojeto(java.lang.String)&amp;#27;[0m
  &amp;#27;[33mE &amp;#27;[0m&amp;#27;[33mclicar no botÃ£o de salvar subprojeto&amp;#27;[0m                               &amp;#27;[90m# null&amp;#27;[0m
  &amp;#27;[36mE &amp;#27;[0m&amp;#27;[36mclicar no subprojeto desejado &amp;#27;[0m&amp;#27;[36m&amp;#27;[1m&quot;Subprojeto 02&quot;&amp;#27;[0m&amp;#27;[36m novamente&amp;#27;[0m            &amp;#27;[90m# steps.subprojeto.SubProjetoStep.clicarNoSubprojetoDesejadoNovamente(java.lang.String)&amp;#27;[0m
  &amp;#27;[36mE &amp;#27;[0m&amp;#27;[36mclicar no botao apagar projeto&amp;#27;[0m                                     &amp;#27;[90m# steps.subprojeto.SubProjetoStep.clicarNoBotaoApagarProjeto()&amp;#27;[0m
  &amp;#27;[36mEntÃ£o &amp;#27;[0m&amp;#27;[36mo sistema deve excluir com sucesso&amp;#27;[0m                             &amp;#27;[90m# steps.subprojeto.SubProjetoStep.oSistemaDeveExcluirComSucesso()&amp;#27;[0m
</system-out>
    <system-err>Starting ChromeDriver 100.0.4896.60 (6a5d10861ce8de5fce22564658033b43cb7de047-refs/branch-heads/4896@{#875}) on port 51662
Only local connections are allowed.
Please see https://chromedriver.chromium.org/security-considerations for suggestions on keeping ChromeDriver safe.
ChromeDriver was started successfully.
[1652650801.442][WARNING]: This version of ChromeDriver has not been tested with Chrome version 101.
mai 15, 2022 6:40:01 PM org.openqa.selenium.remote.ProtocolHandshake createSession
INFORMAÇÕES: Detected dialect: W3C
mai 15, 2022 6:40:01 PM org.openqa.selenium.devtools.CdpVersionFinder findNearestMatch
ADVERTÊNCIA: Unable to find an exact match for CDP version 101, so returning the closest version found: 99
mai 15, 2022 6:40:01 PM org.openqa.selenium.devtools.CdpVersionFinder findNearestMatch
INFORMAÇÕES: Found CDP implementation for version 101 of 99
</system-err>
  </testcase>
  <testcase classname="Criação de subprojetos" name="Excluir subprojeto com sucesso #3" time="10.16">
    <error message="The step &quot;clicar no botão de salvar subprojeto&quot; is undefined. You can implement it using the snippet(s) below:

@Quando(&quot;clicar no botão de salvar subprojeto&quot;)
public void clicarNoBotãoDeSalvarSubprojeto() {
    // Write code here that turns the phrase above into concrete actions
    throw new io.cucumber.java.PendingException();
}
" type="io.cucumber.junit.UndefinedStepException">io.cucumber.junit.UndefinedStepException: The step &quot;clicar no botão de salvar subprojeto&quot; is undefined. You can implement it using the snippet(s) below:

@Quando(&quot;clicar no botão de salvar subprojeto&quot;)
public void clicarNoBotãoDeSalvarSubprojeto() {
    // Write code here that turns the phrase above into concrete actions
    throw new io.cucumber.java.PendingException();
}

</error>
    <system-out>
Esquema do CenÃ¡rio: Excluir subprojeto com sucesso                     &amp;#27;[90m# features/subprojeto.feature:239&amp;#27;[0m
  &amp;#27;[32mDado &amp;#27;[0m&amp;#27;[32mque o usuario esteja na pagina de login do Mantis&amp;#27;[0m               &amp;#27;[90m# steps.login.LoginStep.queOUsuarioEstejaNaPaginaDeLoginDoMantis()&amp;#27;[0m
  &amp;#27;[32mE &amp;#27;[0m&amp;#27;[32mque o usuario tenha feito o login com sucesso&amp;#27;[0m                      &amp;#27;[90m# steps.subprojeto.SubProjetoStep.queOUsuarioTenhaFeitoOLoginComSucesso()&amp;#27;[0m
  &amp;#27;[32mQuando &amp;#27;[0m&amp;#27;[32mclicar no projeto desejado &amp;#27;[0m&amp;#27;[32m&amp;#27;[1m&quot;Teste projeto SQL 02&quot;&amp;#27;[0m             &amp;#27;[90m# steps.subprojeto.SubProjetoStep.clicarNoProjetoDesejado(java.lang.String)&amp;#27;[0m
  &amp;#27;[32mE &amp;#27;[0m&amp;#27;[32mclicar no botao de cadastrar subProjeto&amp;#27;[0m                            &amp;#27;[90m# steps.subprojeto.SubProjetoStep.clicarNoBotaoDeCadastrarSubProjeto()&amp;#27;[0m
  &amp;#27;[32mE &amp;#27;[0m&amp;#27;[32mpreencher o nome do subprojeto &amp;#27;[0m&amp;#27;[32m&amp;#27;[1m&quot;Subprojeto 02&quot;&amp;#27;[0m                     &amp;#27;[90m# steps.subprojeto.SubProjetoStep.preencherONomeDoSubprojeto(java.lang.String)&amp;#27;[0m
  &amp;#27;[32mE &amp;#27;[0m&amp;#27;[32mdefinir o estado do subprojeto &amp;#27;[0m&amp;#27;[32m&amp;#27;[1mobsoleto&amp;#27;[0m                            &amp;#27;[90m# steps.subprojeto.SubProjetoStep.definirOEstadoDoSubprojetoEstado(java.lang.String)&amp;#27;[0m
  &amp;#27;[32mE &amp;#27;[0m&amp;#27;[32mmarcar a opcao herdar categorias globais&amp;#27;[0m                           &amp;#27;[90m# steps.subprojeto.SubProjetoStep.marcarAOpcaoHerdarCategoriasGlobais()&amp;#27;[0m
  &amp;#27;[32mE &amp;#27;[0m&amp;#27;[32mmarcar a opcao herdar categorias da tarefa pai&amp;#27;[0m                     &amp;#27;[90m# steps.subprojeto.SubProjetoStep.marcarAOpcaoHerdarCategoriasDaTarefaPai()&amp;#27;[0m
  &amp;#27;[32mE &amp;#27;[0m&amp;#27;[32mselecionar a visibilidade do projeto&amp;#27;[0m                               &amp;#27;[90m# steps.subprojeto.SubProjetoStep.selecionarAVisibilidadeDoProjeto()&amp;#27;[0m
  &amp;#27;[32mE &amp;#27;[0m&amp;#27;[32mpreencher a descricao do subprojeto &amp;#27;[0m&amp;#27;[32m&amp;#27;[1m&quot;SubProjeto criado como teste&quot;&amp;#27;[0m &amp;#27;[90m# steps.subprojeto.SubProjetoStep.preencherADescricaoDoSubprojeto(java.lang.String)&amp;#27;[0m
  &amp;#27;[33mE &amp;#27;[0m&amp;#27;[33mclicar no botÃ£o de salvar subprojeto&amp;#27;[0m                               &amp;#27;[90m# null&amp;#27;[0m
  &amp;#27;[36mE &amp;#27;[0m&amp;#27;[36mclicar no subprojeto desejado &amp;#27;[0m&amp;#27;[36m&amp;#27;[1m&quot;Subprojeto 02&quot;&amp;#27;[0m&amp;#27;[36m novamente&amp;#27;[0m            &amp;#27;[90m# steps.subprojeto.SubProjetoStep.clicarNoSubprojetoDesejadoNovamente(java.lang.String)&amp;#27;[0m
  &amp;#27;[36mE &amp;#27;[0m&amp;#27;[36mclicar no botao apagar projeto&amp;#27;[0m                                     &amp;#27;[90m# steps.subprojeto.SubProjetoStep.clicarNoBotaoApagarProjeto()&amp;#27;[0m
  &amp;#27;[36mEntÃ£o &amp;#27;[0m&amp;#27;[36mo sistema deve excluir com sucesso&amp;#27;[0m                             &amp;#27;[90m# steps.subprojeto.SubProjetoStep.oSistemaDeveExcluirComSucesso()&amp;#27;[0m
</system-out>
    <system-err>Starting ChromeDriver 100.0.4896.60 (6a5d10861ce8de5fce22564658033b43cb7de047-refs/branch-heads/4896@{#875}) on port 54390
Only local connections are allowed.
Please see https://chromedriver.chromium.org/security-considerations for suggestions on keeping ChromeDriver safe.
ChromeDriver was started successfully.
[1652650811.370][WARNING]: This version of ChromeDriver has not been tested with Chrome version 101.
mai 15, 2022 6:40:11 PM org.openqa.selenium.remote.ProtocolHandshake createSession
INFORMAÇÕES: Detected dialect: W3C
mai 15, 2022 6:40:11 PM org.openqa.selenium.devtools.CdpVersionFinder findNearestMatch
ADVERTÊNCIA: Unable to find an exact match for CDP version 101, so returning the closest version found: 99
mai 15, 2022 6:40:11 PM org.openqa.selenium.devtools.CdpVersionFinder findNearestMatch
INFORMAÇÕES: Found CDP implementation for version 101 of 99
</system-err>
  </testcase>
</testsuite>